<?xml version="1.0" encoding="UTF-8"?>
<testsuites name="jest tests" tests="64" failures="11" errors="0" time="31.229">
  <testsuite name="undefined" errors="0" failures="3" skipped="0" timestamp="2022-11-24T23:23:06" time="16.201" tests="3">
    <testcase classname=" Given 1 initial selected item, on first render, should have text &apos;1 selected&apos;" name=" Given 1 initial selected item, on first render, should have text &apos;1 selected&apos;" time="0.194">
      <failure>Error: Expected test not to call console.error().

If the error is expected, test for it explicitly by mocking it out using jest.spyOn(console, &apos;error&apos;).mockImplementation() and test that the warning occurs.

downshift: The ref prop &quot;ref&quot; from getDropdownProps was not applied correctly on your element.
    at console.captureMessage [as error] (/Users/alex/src/alexmcgovern.com/node_modules/jest-fail-on-console/index.js:56:25)
    at /Users/alex/src/alexmcgovern.com/node_modules/downshift/dist/downshift.cjs.js:1853:19
    at Array.forEach (&lt;anonymous&gt;)
    at /Users/alex/src/alexmcgovern.com/node_modules/downshift/dist/downshift.cjs.js:1837:49
    at commitHookEffectListMount (/Users/alex/src/alexmcgovern.com/node_modules/react-dom/cjs/react-dom.development.js:23150:26)
    at commitPassiveMountOnFiber (/Users/alex/src/alexmcgovern.com/node_modules/react-dom/cjs/react-dom.development.js:24931:11)
    at commitPassiveMountEffects_complete (/Users/alex/src/alexmcgovern.com/node_modules/react-dom/cjs/react-dom.development.js:24891:9)
    at commitPassiveMountEffects_begin (/Users/alex/src/alexmcgovern.com/node_modules/react-dom/cjs/react-dom.development.js:24878:7)
    at commitPassiveMountEffects (/Users/alex/src/alexmcgovern.com/node_modules/react-dom/cjs/react-dom.development.js:24866:3)
    at flushPassiveEffectsImpl (/Users/alex/src/alexmcgovern.com/node_modules/react-dom/cjs/react-dom.development.js:27039:3)
    at flushPassiveEffects (/Users/alex/src/alexmcgovern.com/node_modules/react-dom/cjs/react-dom.development.js:26984:14)
    at /Users/alex/src/alexmcgovern.com/node_modules/react-dom/cjs/react-dom.development.js:26769:9
    at flushActQueue (/Users/alex/src/alexmcgovern.com/node_modules/react/cjs/react.development.js:2667:24)
    at act (/Users/alex/src/alexmcgovern.com/node_modules/react/cjs/react.development.js:2582:11)
    at /Users/alex/src/alexmcgovern.com/node_modules/@testing-library/react/dist/act-compat.js:63:25
    at renderRoot (/Users/alex/src/alexmcgovern.com/node_modules/@testing-library/react/dist/pure.js:159:26)
    at render (/Users/alex/src/alexmcgovern.com/node_modules/@testing-library/react/dist/pure.js:246:10)
    at renderTestComponent (/Users/alex/src/alexmcgovern.com/packages/gatsby-shared/src/shared-testing/TestComponentRenderer.ts:18:24)
    at Object.&lt;anonymous&gt; (/Users/alex/src/alexmcgovern.com/packages/boondoggle.design/src/components/Select/__tests__/DownshiftMultiSelect_initialUiState.test.tsx:12:24)
    at Promise.then.completed (/Users/alex/src/alexmcgovern.com/node_modules/jest-circus/build/utils.js:289:28)
    at new Promise (&lt;anonymous&gt;)
    at callAsyncCircusFn (/Users/alex/src/alexmcgovern.com/node_modules/jest-circus/build/utils.js:222:10)
    at _callCircusTest (/Users/alex/src/alexmcgovern.com/node_modules/jest-circus/build/run.js:248:40)
    at processTicksAndRejections (node:internal/process/task_queues:95:5)
    at _runTest (/Users/alex/src/alexmcgovern.com/node_modules/jest-circus/build/run.js:184:3)
    at _runTestsForDescribeBlock (/Users/alex/src/alexmcgovern.com/node_modules/jest-circus/build/run.js:86:9)
    at run (/Users/alex/src/alexmcgovern.com/node_modules/jest-circus/build/run.js:26:3)
    at runAndTransformResultsToJestFormat (/Users/alex/src/alexmcgovern.com/node_modules/jest-circus/build/legacy-code-todo-rewrite/jestAdapterInit.js:120:21)
    at jestAdapter (/Users/alex/src/alexmcgovern.com/node_modules/jest-circus/build/legacy-code-todo-rewrite/jestAdapter.js:79:19)
    at runTestInternal (/Users/alex/src/alexmcgovern.com/node_modules/jest-runner/build/runTest.js:367:16)
    at runTest (/Users/alex/src/alexmcgovern.com/node_modules/jest-runner/build/runTest.js:444:34)
    at Object.worker (/Users/alex/src/alexmcgovern.com/node_modules/jest-runner/build/testWorker.js:106:12)

downshift: The ref prop &quot;ref&quot; from getDropdownProps was not applied correctly on your element.
    at console.captureMessage [as error] (/Users/alex/src/alexmcgovern.com/node_modules/jest-fail-on-console/index.js:56:25)
    at /Users/alex/src/alexmcgovern.com/node_modules/downshift/dist/downshift.cjs.js:1853:19
    at Array.forEach (&lt;anonymous&gt;)
    at /Users/alex/src/alexmcgovern.com/node_modules/downshift/dist/downshift.cjs.js:1837:49
    at commitHookEffectListMount (/Users/alex/src/alexmcgovern.com/node_modules/react-dom/cjs/react-dom.development.js:23150:26)
    at commitPassiveMountOnFiber (/Users/alex/src/alexmcgovern.com/node_modules/react-dom/cjs/react-dom.development.js:24931:11)
    at commitPassiveMountEffects_complete (/Users/alex/src/alexmcgovern.com/node_modules/react-dom/cjs/react-dom.development.js:24891:9)
    at commitPassiveMountEffects_begin (/Users/alex/src/alexmcgovern.com/node_modules/react-dom/cjs/react-dom.development.js:24878:7)
    at commitPassiveMountEffects (/Users/alex/src/alexmcgovern.com/node_modules/react-dom/cjs/react-dom.development.js:24866:3)
    at flushPassiveEffectsImpl (/Users/alex/src/alexmcgovern.com/node_modules/react-dom/cjs/react-dom.development.js:27039:3)
    at flushPassiveEffects (/Users/alex/src/alexmcgovern.com/node_modules/react-dom/cjs/react-dom.development.js:26984:14)
    at /Users/alex/src/alexmcgovern.com/node_modules/react-dom/cjs/react-dom.development.js:26769:9
    at flushActQueue (/Users/alex/src/alexmcgovern.com/node_modules/react/cjs/react.development.js:2667:24)
    at act (/Users/alex/src/alexmcgovern.com/node_modules/react/cjs/react.development.js:2582:11)
    at /Users/alex/src/alexmcgovern.com/node_modules/@testing-library/react/dist/act-compat.js:63:25
    at renderRoot (/Users/alex/src/alexmcgovern.com/node_modules/@testing-library/react/dist/pure.js:159:26)
    at render (/Users/alex/src/alexmcgovern.com/node_modules/@testing-library/react/dist/pure.js:246:10)
    at renderTestComponent (/Users/alex/src/alexmcgovern.com/packages/gatsby-shared/src/shared-testing/TestComponentRenderer.ts:18:24)
    at Object.&lt;anonymous&gt; (/Users/alex/src/alexmcgovern.com/packages/boondoggle.design/src/components/Select/__tests__/DownshiftMultiSelect_initialUiState.test.tsx:12:24)
    at Promise.then.completed (/Users/alex/src/alexmcgovern.com/node_modules/jest-circus/build/utils.js:289:28)
    at new Promise (&lt;anonymous&gt;)
    at callAsyncCircusFn (/Users/alex/src/alexmcgovern.com/node_modules/jest-circus/build/utils.js:222:10)
    at _callCircusTest (/Users/alex/src/alexmcgovern.com/node_modules/jest-circus/build/run.js:248:40)
    at processTicksAndRejections (node:internal/process/task_queues:95:5)
    at _runTest (/Users/alex/src/alexmcgovern.com/node_modules/jest-circus/build/run.js:184:3)
    at _runTestsForDescribeBlock (/Users/alex/src/alexmcgovern.com/node_modules/jest-circus/build/run.js:86:9)
    at run (/Users/alex/src/alexmcgovern.com/node_modules/jest-circus/build/run.js:26:3)
    at runAndTransformResultsToJestFormat (/Users/alex/src/alexmcgovern.com/node_modules/jest-circus/build/legacy-code-todo-rewrite/jestAdapterInit.js:120:21)
    at jestAdapter (/Users/alex/src/alexmcgovern.com/node_modules/jest-circus/build/legacy-code-todo-rewrite/jestAdapter.js:79:19)
    at runTestInternal (/Users/alex/src/alexmcgovern.com/node_modules/jest-runner/build/runTest.js:367:16)
    at runTest (/Users/alex/src/alexmcgovern.com/node_modules/jest-runner/build/runTest.js:444:34)
    at Object.worker (/Users/alex/src/alexmcgovern.com/node_modules/jest-runner/build/testWorker.js:106:12)
    at flushUnexpectedConsoleCalls (/Users/alex/src/alexmcgovern.com/node_modules/jest-fail-on-console/index.js:40:13)
    at Object.&lt;anonymous&gt; (/Users/alex/src/alexmcgovern.com/node_modules/jest-fail-on-console/index.js:96:7)
    at Promise.then.completed (/Users/alex/src/alexmcgovern.com/node_modules/jest-circus/build/utils.js:289:28)
    at new Promise (&lt;anonymous&gt;)
    at callAsyncCircusFn (/Users/alex/src/alexmcgovern.com/node_modules/jest-circus/build/utils.js:222:10)
    at _callCircusHook (/Users/alex/src/alexmcgovern.com/node_modules/jest-circus/build/run.js:213:40)
    at processTicksAndRejections (node:internal/process/task_queues:95:5)
    at _runTest (/Users/alex/src/alexmcgovern.com/node_modules/jest-circus/build/run.js:186:5)
    at _runTestsForDescribeBlock (/Users/alex/src/alexmcgovern.com/node_modules/jest-circus/build/run.js:86:9)
    at run (/Users/alex/src/alexmcgovern.com/node_modules/jest-circus/build/run.js:26:3)
    at runAndTransformResultsToJestFormat (/Users/alex/src/alexmcgovern.com/node_modules/jest-circus/build/legacy-code-todo-rewrite/jestAdapterInit.js:120:21)
    at jestAdapter (/Users/alex/src/alexmcgovern.com/node_modules/jest-circus/build/legacy-code-todo-rewrite/jestAdapter.js:79:19)
    at runTestInternal (/Users/alex/src/alexmcgovern.com/node_modules/jest-runner/build/runTest.js:367:16)
    at runTest (/Users/alex/src/alexmcgovern.com/node_modules/jest-runner/build/runTest.js:444:34)
    at Object.worker (/Users/alex/src/alexmcgovern.com/node_modules/jest-runner/build/testWorker.js:106:12)</failure>
    </testcase>
    <testcase classname=" Given 2 initial selected items, on first render, should have text &apos;2 selected&apos;" name=" Given 2 initial selected items, on first render, should have text &apos;2 selected&apos;" time="0.028">
      <failure>Error: Expected test not to call console.error().

If the error is expected, test for it explicitly by mocking it out using jest.spyOn(console, &apos;error&apos;).mockImplementation() and test that the warning occurs.

downshift: The ref prop &quot;ref&quot; from getDropdownProps was not applied correctly on your element.
    at console.captureMessage [as error] (/Users/alex/src/alexmcgovern.com/node_modules/jest-fail-on-console/index.js:56:25)
    at /Users/alex/src/alexmcgovern.com/node_modules/downshift/dist/downshift.cjs.js:1853:19
    at Array.forEach (&lt;anonymous&gt;)
    at /Users/alex/src/alexmcgovern.com/node_modules/downshift/dist/downshift.cjs.js:1837:49
    at commitHookEffectListMount (/Users/alex/src/alexmcgovern.com/node_modules/react-dom/cjs/react-dom.development.js:23150:26)
    at commitPassiveMountOnFiber (/Users/alex/src/alexmcgovern.com/node_modules/react-dom/cjs/react-dom.development.js:24931:11)
    at commitPassiveMountEffects_complete (/Users/alex/src/alexmcgovern.com/node_modules/react-dom/cjs/react-dom.development.js:24891:9)
    at commitPassiveMountEffects_begin (/Users/alex/src/alexmcgovern.com/node_modules/react-dom/cjs/react-dom.development.js:24878:7)
    at commitPassiveMountEffects (/Users/alex/src/alexmcgovern.com/node_modules/react-dom/cjs/react-dom.development.js:24866:3)
    at flushPassiveEffectsImpl (/Users/alex/src/alexmcgovern.com/node_modules/react-dom/cjs/react-dom.development.js:27039:3)
    at flushPassiveEffects (/Users/alex/src/alexmcgovern.com/node_modules/react-dom/cjs/react-dom.development.js:26984:14)
    at /Users/alex/src/alexmcgovern.com/node_modules/react-dom/cjs/react-dom.development.js:26769:9
    at flushActQueue (/Users/alex/src/alexmcgovern.com/node_modules/react/cjs/react.development.js:2667:24)
    at act (/Users/alex/src/alexmcgovern.com/node_modules/react/cjs/react.development.js:2582:11)
    at /Users/alex/src/alexmcgovern.com/node_modules/@testing-library/react/dist/act-compat.js:63:25
    at renderRoot (/Users/alex/src/alexmcgovern.com/node_modules/@testing-library/react/dist/pure.js:159:26)
    at render (/Users/alex/src/alexmcgovern.com/node_modules/@testing-library/react/dist/pure.js:246:10)
    at renderTestComponent (/Users/alex/src/alexmcgovern.com/packages/gatsby-shared/src/shared-testing/TestComponentRenderer.ts:18:24)
    at Object.&lt;anonymous&gt; (/Users/alex/src/alexmcgovern.com/packages/boondoggle.design/src/components/Select/__tests__/DownshiftMultiSelect_initialUiState.test.tsx:32:24)
    at Promise.then.completed (/Users/alex/src/alexmcgovern.com/node_modules/jest-circus/build/utils.js:289:28)
    at new Promise (&lt;anonymous&gt;)
    at callAsyncCircusFn (/Users/alex/src/alexmcgovern.com/node_modules/jest-circus/build/utils.js:222:10)
    at _callCircusTest (/Users/alex/src/alexmcgovern.com/node_modules/jest-circus/build/run.js:248:40)
    at processTicksAndRejections (node:internal/process/task_queues:95:5)
    at _runTest (/Users/alex/src/alexmcgovern.com/node_modules/jest-circus/build/run.js:184:3)
    at _runTestsForDescribeBlock (/Users/alex/src/alexmcgovern.com/node_modules/jest-circus/build/run.js:86:9)
    at run (/Users/alex/src/alexmcgovern.com/node_modules/jest-circus/build/run.js:26:3)
    at runAndTransformResultsToJestFormat (/Users/alex/src/alexmcgovern.com/node_modules/jest-circus/build/legacy-code-todo-rewrite/jestAdapterInit.js:120:21)
    at jestAdapter (/Users/alex/src/alexmcgovern.com/node_modules/jest-circus/build/legacy-code-todo-rewrite/jestAdapter.js:79:19)
    at runTestInternal (/Users/alex/src/alexmcgovern.com/node_modules/jest-runner/build/runTest.js:367:16)
    at runTest (/Users/alex/src/alexmcgovern.com/node_modules/jest-runner/build/runTest.js:444:34)
    at Object.worker (/Users/alex/src/alexmcgovern.com/node_modules/jest-runner/build/testWorker.js:106:12)

downshift: The ref prop &quot;ref&quot; from getDropdownProps was not applied correctly on your element.
    at console.captureMessage [as error] (/Users/alex/src/alexmcgovern.com/node_modules/jest-fail-on-console/index.js:56:25)
    at /Users/alex/src/alexmcgovern.com/node_modules/downshift/dist/downshift.cjs.js:1853:19
    at Array.forEach (&lt;anonymous&gt;)
    at /Users/alex/src/alexmcgovern.com/node_modules/downshift/dist/downshift.cjs.js:1837:49
    at commitHookEffectListMount (/Users/alex/src/alexmcgovern.com/node_modules/react-dom/cjs/react-dom.development.js:23150:26)
    at commitPassiveMountOnFiber (/Users/alex/src/alexmcgovern.com/node_modules/react-dom/cjs/react-dom.development.js:24931:11)
    at commitPassiveMountEffects_complete (/Users/alex/src/alexmcgovern.com/node_modules/react-dom/cjs/react-dom.development.js:24891:9)
    at commitPassiveMountEffects_begin (/Users/alex/src/alexmcgovern.com/node_modules/react-dom/cjs/react-dom.development.js:24878:7)
    at commitPassiveMountEffects (/Users/alex/src/alexmcgovern.com/node_modules/react-dom/cjs/react-dom.development.js:24866:3)
    at flushPassiveEffectsImpl (/Users/alex/src/alexmcgovern.com/node_modules/react-dom/cjs/react-dom.development.js:27039:3)
    at flushPassiveEffects (/Users/alex/src/alexmcgovern.com/node_modules/react-dom/cjs/react-dom.development.js:26984:14)
    at /Users/alex/src/alexmcgovern.com/node_modules/react-dom/cjs/react-dom.development.js:26769:9
    at flushActQueue (/Users/alex/src/alexmcgovern.com/node_modules/react/cjs/react.development.js:2667:24)
    at act (/Users/alex/src/alexmcgovern.com/node_modules/react/cjs/react.development.js:2582:11)
    at /Users/alex/src/alexmcgovern.com/node_modules/@testing-library/react/dist/act-compat.js:63:25
    at renderRoot (/Users/alex/src/alexmcgovern.com/node_modules/@testing-library/react/dist/pure.js:159:26)
    at render (/Users/alex/src/alexmcgovern.com/node_modules/@testing-library/react/dist/pure.js:246:10)
    at renderTestComponent (/Users/alex/src/alexmcgovern.com/packages/gatsby-shared/src/shared-testing/TestComponentRenderer.ts:18:24)
    at Object.&lt;anonymous&gt; (/Users/alex/src/alexmcgovern.com/packages/boondoggle.design/src/components/Select/__tests__/DownshiftMultiSelect_initialUiState.test.tsx:32:24)
    at Promise.then.completed (/Users/alex/src/alexmcgovern.com/node_modules/jest-circus/build/utils.js:289:28)
    at new Promise (&lt;anonymous&gt;)
    at callAsyncCircusFn (/Users/alex/src/alexmcgovern.com/node_modules/jest-circus/build/utils.js:222:10)
    at _callCircusTest (/Users/alex/src/alexmcgovern.com/node_modules/jest-circus/build/run.js:248:40)
    at processTicksAndRejections (node:internal/process/task_queues:95:5)
    at _runTest (/Users/alex/src/alexmcgovern.com/node_modules/jest-circus/build/run.js:184:3)
    at _runTestsForDescribeBlock (/Users/alex/src/alexmcgovern.com/node_modules/jest-circus/build/run.js:86:9)
    at run (/Users/alex/src/alexmcgovern.com/node_modules/jest-circus/build/run.js:26:3)
    at runAndTransformResultsToJestFormat (/Users/alex/src/alexmcgovern.com/node_modules/jest-circus/build/legacy-code-todo-rewrite/jestAdapterInit.js:120:21)
    at jestAdapter (/Users/alex/src/alexmcgovern.com/node_modules/jest-circus/build/legacy-code-todo-rewrite/jestAdapter.js:79:19)
    at runTestInternal (/Users/alex/src/alexmcgovern.com/node_modules/jest-runner/build/runTest.js:367:16)
    at runTest (/Users/alex/src/alexmcgovern.com/node_modules/jest-runner/build/runTest.js:444:34)
    at Object.worker (/Users/alex/src/alexmcgovern.com/node_modules/jest-runner/build/testWorker.js:106:12)
    at flushUnexpectedConsoleCalls (/Users/alex/src/alexmcgovern.com/node_modules/jest-fail-on-console/index.js:40:13)
    at Object.&lt;anonymous&gt; (/Users/alex/src/alexmcgovern.com/node_modules/jest-fail-on-console/index.js:96:7)
    at Promise.then.completed (/Users/alex/src/alexmcgovern.com/node_modules/jest-circus/build/utils.js:289:28)
    at new Promise (&lt;anonymous&gt;)
    at callAsyncCircusFn (/Users/alex/src/alexmcgovern.com/node_modules/jest-circus/build/utils.js:222:10)
    at _callCircusHook (/Users/alex/src/alexmcgovern.com/node_modules/jest-circus/build/run.js:213:40)
    at processTicksAndRejections (node:internal/process/task_queues:95:5)
    at _runTest (/Users/alex/src/alexmcgovern.com/node_modules/jest-circus/build/run.js:186:5)
    at _runTestsForDescribeBlock (/Users/alex/src/alexmcgovern.com/node_modules/jest-circus/build/run.js:86:9)
    at run (/Users/alex/src/alexmcgovern.com/node_modules/jest-circus/build/run.js:26:3)
    at runAndTransformResultsToJestFormat (/Users/alex/src/alexmcgovern.com/node_modules/jest-circus/build/legacy-code-todo-rewrite/jestAdapterInit.js:120:21)
    at jestAdapter (/Users/alex/src/alexmcgovern.com/node_modules/jest-circus/build/legacy-code-todo-rewrite/jestAdapter.js:79:19)
    at runTestInternal (/Users/alex/src/alexmcgovern.com/node_modules/jest-runner/build/runTest.js:367:16)
    at runTest (/Users/alex/src/alexmcgovern.com/node_modules/jest-runner/build/runTest.js:444:34)
    at Object.worker (/Users/alex/src/alexmcgovern.com/node_modules/jest-runner/build/testWorker.js:106:12)</failure>
    </testcase>
    <testcase classname=" Given an invalid initial selected item, on first render, input should not have value" name=" Given an invalid initial selected item, on first render, input should not have value" time="0.013">
      <failure>Error: Expected test not to call console.error().

If the error is expected, test for it explicitly by mocking it out using jest.spyOn(console, &apos;error&apos;).mockImplementation() and test that the warning occurs.

downshift: The ref prop &quot;ref&quot; from getDropdownProps was not applied correctly on your element.
    at console.captureMessage [as error] (/Users/alex/src/alexmcgovern.com/node_modules/jest-fail-on-console/index.js:56:25)
    at /Users/alex/src/alexmcgovern.com/node_modules/downshift/dist/downshift.cjs.js:1853:19
    at Array.forEach (&lt;anonymous&gt;)
    at /Users/alex/src/alexmcgovern.com/node_modules/downshift/dist/downshift.cjs.js:1837:49
    at commitHookEffectListMount (/Users/alex/src/alexmcgovern.com/node_modules/react-dom/cjs/react-dom.development.js:23150:26)
    at commitPassiveMountOnFiber (/Users/alex/src/alexmcgovern.com/node_modules/react-dom/cjs/react-dom.development.js:24931:11)
    at commitPassiveMountEffects_complete (/Users/alex/src/alexmcgovern.com/node_modules/react-dom/cjs/react-dom.development.js:24891:9)
    at commitPassiveMountEffects_begin (/Users/alex/src/alexmcgovern.com/node_modules/react-dom/cjs/react-dom.development.js:24878:7)
    at commitPassiveMountEffects (/Users/alex/src/alexmcgovern.com/node_modules/react-dom/cjs/react-dom.development.js:24866:3)
    at flushPassiveEffectsImpl (/Users/alex/src/alexmcgovern.com/node_modules/react-dom/cjs/react-dom.development.js:27039:3)
    at flushPassiveEffects (/Users/alex/src/alexmcgovern.com/node_modules/react-dom/cjs/react-dom.development.js:26984:14)
    at /Users/alex/src/alexmcgovern.com/node_modules/react-dom/cjs/react-dom.development.js:26769:9
    at flushActQueue (/Users/alex/src/alexmcgovern.com/node_modules/react/cjs/react.development.js:2667:24)
    at act (/Users/alex/src/alexmcgovern.com/node_modules/react/cjs/react.development.js:2582:11)
    at /Users/alex/src/alexmcgovern.com/node_modules/@testing-library/react/dist/act-compat.js:63:25
    at renderRoot (/Users/alex/src/alexmcgovern.com/node_modules/@testing-library/react/dist/pure.js:159:26)
    at render (/Users/alex/src/alexmcgovern.com/node_modules/@testing-library/react/dist/pure.js:246:10)
    at renderTestComponent (/Users/alex/src/alexmcgovern.com/packages/gatsby-shared/src/shared-testing/TestComponentRenderer.ts:18:24)
    at Object.&lt;anonymous&gt; (/Users/alex/src/alexmcgovern.com/packages/boondoggle.design/src/components/Select/__tests__/DownshiftMultiSelect_initialUiState.test.tsx:55:24)
    at Promise.then.completed (/Users/alex/src/alexmcgovern.com/node_modules/jest-circus/build/utils.js:289:28)
    at new Promise (&lt;anonymous&gt;)
    at callAsyncCircusFn (/Users/alex/src/alexmcgovern.com/node_modules/jest-circus/build/utils.js:222:10)
    at _callCircusTest (/Users/alex/src/alexmcgovern.com/node_modules/jest-circus/build/run.js:248:40)
    at processTicksAndRejections (node:internal/process/task_queues:95:5)
    at _runTest (/Users/alex/src/alexmcgovern.com/node_modules/jest-circus/build/run.js:184:3)
    at _runTestsForDescribeBlock (/Users/alex/src/alexmcgovern.com/node_modules/jest-circus/build/run.js:86:9)
    at run (/Users/alex/src/alexmcgovern.com/node_modules/jest-circus/build/run.js:26:3)
    at runAndTransformResultsToJestFormat (/Users/alex/src/alexmcgovern.com/node_modules/jest-circus/build/legacy-code-todo-rewrite/jestAdapterInit.js:120:21)
    at jestAdapter (/Users/alex/src/alexmcgovern.com/node_modules/jest-circus/build/legacy-code-todo-rewrite/jestAdapter.js:79:19)
    at runTestInternal (/Users/alex/src/alexmcgovern.com/node_modules/jest-runner/build/runTest.js:367:16)
    at runTest (/Users/alex/src/alexmcgovern.com/node_modules/jest-runner/build/runTest.js:444:34)
    at Object.worker (/Users/alex/src/alexmcgovern.com/node_modules/jest-runner/build/testWorker.js:106:12)

downshift: The ref prop &quot;ref&quot; from getDropdownProps was not applied correctly on your element.
    at console.captureMessage [as error] (/Users/alex/src/alexmcgovern.com/node_modules/jest-fail-on-console/index.js:56:25)
    at /Users/alex/src/alexmcgovern.com/node_modules/downshift/dist/downshift.cjs.js:1853:19
    at Array.forEach (&lt;anonymous&gt;)
    at /Users/alex/src/alexmcgovern.com/node_modules/downshift/dist/downshift.cjs.js:1837:49
    at commitHookEffectListMount (/Users/alex/src/alexmcgovern.com/node_modules/react-dom/cjs/react-dom.development.js:23150:26)
    at commitPassiveMountOnFiber (/Users/alex/src/alexmcgovern.com/node_modules/react-dom/cjs/react-dom.development.js:24931:11)
    at commitPassiveMountEffects_complete (/Users/alex/src/alexmcgovern.com/node_modules/react-dom/cjs/react-dom.development.js:24891:9)
    at commitPassiveMountEffects_begin (/Users/alex/src/alexmcgovern.com/node_modules/react-dom/cjs/react-dom.development.js:24878:7)
    at commitPassiveMountEffects (/Users/alex/src/alexmcgovern.com/node_modules/react-dom/cjs/react-dom.development.js:24866:3)
    at flushPassiveEffectsImpl (/Users/alex/src/alexmcgovern.com/node_modules/react-dom/cjs/react-dom.development.js:27039:3)
    at flushPassiveEffects (/Users/alex/src/alexmcgovern.com/node_modules/react-dom/cjs/react-dom.development.js:26984:14)
    at /Users/alex/src/alexmcgovern.com/node_modules/react-dom/cjs/react-dom.development.js:26769:9
    at flushActQueue (/Users/alex/src/alexmcgovern.com/node_modules/react/cjs/react.development.js:2667:24)
    at act (/Users/alex/src/alexmcgovern.com/node_modules/react/cjs/react.development.js:2582:11)
    at /Users/alex/src/alexmcgovern.com/node_modules/@testing-library/react/dist/act-compat.js:63:25
    at renderRoot (/Users/alex/src/alexmcgovern.com/node_modules/@testing-library/react/dist/pure.js:159:26)
    at render (/Users/alex/src/alexmcgovern.com/node_modules/@testing-library/react/dist/pure.js:246:10)
    at renderTestComponent (/Users/alex/src/alexmcgovern.com/packages/gatsby-shared/src/shared-testing/TestComponentRenderer.ts:18:24)
    at Object.&lt;anonymous&gt; (/Users/alex/src/alexmcgovern.com/packages/boondoggle.design/src/components/Select/__tests__/DownshiftMultiSelect_initialUiState.test.tsx:55:24)
    at Promise.then.completed (/Users/alex/src/alexmcgovern.com/node_modules/jest-circus/build/utils.js:289:28)
    at new Promise (&lt;anonymous&gt;)
    at callAsyncCircusFn (/Users/alex/src/alexmcgovern.com/node_modules/jest-circus/build/utils.js:222:10)
    at _callCircusTest (/Users/alex/src/alexmcgovern.com/node_modules/jest-circus/build/run.js:248:40)
    at processTicksAndRejections (node:internal/process/task_queues:95:5)
    at _runTest (/Users/alex/src/alexmcgovern.com/node_modules/jest-circus/build/run.js:184:3)
    at _runTestsForDescribeBlock (/Users/alex/src/alexmcgovern.com/node_modules/jest-circus/build/run.js:86:9)
    at run (/Users/alex/src/alexmcgovern.com/node_modules/jest-circus/build/run.js:26:3)
    at runAndTransformResultsToJestFormat (/Users/alex/src/alexmcgovern.com/node_modules/jest-circus/build/legacy-code-todo-rewrite/jestAdapterInit.js:120:21)
    at jestAdapter (/Users/alex/src/alexmcgovern.com/node_modules/jest-circus/build/legacy-code-todo-rewrite/jestAdapter.js:79:19)
    at runTestInternal (/Users/alex/src/alexmcgovern.com/node_modules/jest-runner/build/runTest.js:367:16)
    at runTest (/Users/alex/src/alexmcgovern.com/node_modules/jest-runner/build/runTest.js:444:34)
    at Object.worker (/Users/alex/src/alexmcgovern.com/node_modules/jest-runner/build/testWorker.js:106:12)
    at flushUnexpectedConsoleCalls (/Users/alex/src/alexmcgovern.com/node_modules/jest-fail-on-console/index.js:40:13)
    at Object.&lt;anonymous&gt; (/Users/alex/src/alexmcgovern.com/node_modules/jest-fail-on-console/index.js:96:7)
    at Promise.then.completed (/Users/alex/src/alexmcgovern.com/node_modules/jest-circus/build/utils.js:289:28)
    at new Promise (&lt;anonymous&gt;)
    at callAsyncCircusFn (/Users/alex/src/alexmcgovern.com/node_modules/jest-circus/build/utils.js:222:10)
    at _callCircusHook (/Users/alex/src/alexmcgovern.com/node_modules/jest-circus/build/run.js:213:40)
    at processTicksAndRejections (node:internal/process/task_queues:95:5)
    at _runTest (/Users/alex/src/alexmcgovern.com/node_modules/jest-circus/build/run.js:186:5)
    at _runTestsForDescribeBlock (/Users/alex/src/alexmcgovern.com/node_modules/jest-circus/build/run.js:86:9)
    at run (/Users/alex/src/alexmcgovern.com/node_modules/jest-circus/build/run.js:26:3)
    at runAndTransformResultsToJestFormat (/Users/alex/src/alexmcgovern.com/node_modules/jest-circus/build/legacy-code-todo-rewrite/jestAdapterInit.js:120:21)
    at jestAdapter (/Users/alex/src/alexmcgovern.com/node_modules/jest-circus/build/legacy-code-todo-rewrite/jestAdapter.js:79:19)
    at runTestInternal (/Users/alex/src/alexmcgovern.com/node_modules/jest-runner/build/runTest.js:367:16)
    at runTest (/Users/alex/src/alexmcgovern.com/node_modules/jest-runner/build/runTest.js:444:34)
    at Object.worker (/Users/alex/src/alexmcgovern.com/node_modules/jest-runner/build/testWorker.js:106:12)</failure>
    </testcase>
  </testsuite>
  <testsuite name="undefined" errors="0" failures="1" skipped="0" timestamp="2022-11-24T23:23:06" time="16.262" tests="1">
    <testcase classname=" Renders without error" name=" Renders without error" time="0.184">
      <failure>Error: Expected test not to call console.error().

If the error is expected, test for it explicitly by mocking it out using jest.spyOn(console, &apos;error&apos;).mockImplementation() and test that the warning occurs.

downshift: The ref prop &quot;ref&quot; from getDropdownProps was not applied correctly on your element.
    at console.captureMessage [as error] (/Users/alex/src/alexmcgovern.com/node_modules/jest-fail-on-console/index.js:56:25)
    at /Users/alex/src/alexmcgovern.com/node_modules/downshift/dist/downshift.cjs.js:1853:19
    at Array.forEach (&lt;anonymous&gt;)
    at /Users/alex/src/alexmcgovern.com/node_modules/downshift/dist/downshift.cjs.js:1837:49
    at commitHookEffectListMount (/Users/alex/src/alexmcgovern.com/node_modules/react-dom/cjs/react-dom.development.js:23150:26)
    at commitPassiveMountOnFiber (/Users/alex/src/alexmcgovern.com/node_modules/react-dom/cjs/react-dom.development.js:24931:11)
    at commitPassiveMountEffects_complete (/Users/alex/src/alexmcgovern.com/node_modules/react-dom/cjs/react-dom.development.js:24891:9)
    at commitPassiveMountEffects_begin (/Users/alex/src/alexmcgovern.com/node_modules/react-dom/cjs/react-dom.development.js:24878:7)
    at commitPassiveMountEffects (/Users/alex/src/alexmcgovern.com/node_modules/react-dom/cjs/react-dom.development.js:24866:3)
    at flushPassiveEffectsImpl (/Users/alex/src/alexmcgovern.com/node_modules/react-dom/cjs/react-dom.development.js:27039:3)
    at flushPassiveEffects (/Users/alex/src/alexmcgovern.com/node_modules/react-dom/cjs/react-dom.development.js:26984:14)
    at /Users/alex/src/alexmcgovern.com/node_modules/react-dom/cjs/react-dom.development.js:26769:9
    at flushActQueue (/Users/alex/src/alexmcgovern.com/node_modules/react/cjs/react.development.js:2667:24)
    at act (/Users/alex/src/alexmcgovern.com/node_modules/react/cjs/react.development.js:2582:11)
    at /Users/alex/src/alexmcgovern.com/node_modules/@testing-library/react/dist/act-compat.js:63:25
    at renderRoot (/Users/alex/src/alexmcgovern.com/node_modules/@testing-library/react/dist/pure.js:159:26)
    at render (/Users/alex/src/alexmcgovern.com/node_modules/@testing-library/react/dist/pure.js:246:10)
    at renderTestComponent (/Users/alex/src/alexmcgovern.com/packages/gatsby-shared/src/shared-testing/TestComponentRenderer.ts:18:24)
    at Object.&lt;anonymous&gt; (/Users/alex/src/alexmcgovern.com/packages/boondoggle.design/src/components/Select/__tests__/DownshiftMultiSelect.test.tsx:11:46)
    at Promise.then.completed (/Users/alex/src/alexmcgovern.com/node_modules/jest-circus/build/utils.js:289:28)
    at new Promise (&lt;anonymous&gt;)
    at callAsyncCircusFn (/Users/alex/src/alexmcgovern.com/node_modules/jest-circus/build/utils.js:222:10)
    at _callCircusTest (/Users/alex/src/alexmcgovern.com/node_modules/jest-circus/build/run.js:248:40)
    at processTicksAndRejections (node:internal/process/task_queues:95:5)
    at _runTest (/Users/alex/src/alexmcgovern.com/node_modules/jest-circus/build/run.js:184:3)
    at _runTestsForDescribeBlock (/Users/alex/src/alexmcgovern.com/node_modules/jest-circus/build/run.js:86:9)
    at run (/Users/alex/src/alexmcgovern.com/node_modules/jest-circus/build/run.js:26:3)
    at runAndTransformResultsToJestFormat (/Users/alex/src/alexmcgovern.com/node_modules/jest-circus/build/legacy-code-todo-rewrite/jestAdapterInit.js:120:21)
    at jestAdapter (/Users/alex/src/alexmcgovern.com/node_modules/jest-circus/build/legacy-code-todo-rewrite/jestAdapter.js:79:19)
    at runTestInternal (/Users/alex/src/alexmcgovern.com/node_modules/jest-runner/build/runTest.js:367:16)
    at runTest (/Users/alex/src/alexmcgovern.com/node_modules/jest-runner/build/runTest.js:444:34)
    at Object.worker (/Users/alex/src/alexmcgovern.com/node_modules/jest-runner/build/testWorker.js:106:12)

downshift: The ref prop &quot;ref&quot; from getDropdownProps was not applied correctly on your element.
    at console.captureMessage [as error] (/Users/alex/src/alexmcgovern.com/node_modules/jest-fail-on-console/index.js:56:25)
    at /Users/alex/src/alexmcgovern.com/node_modules/downshift/dist/downshift.cjs.js:1853:19
    at Array.forEach (&lt;anonymous&gt;)
    at /Users/alex/src/alexmcgovern.com/node_modules/downshift/dist/downshift.cjs.js:1837:49
    at commitHookEffectListMount (/Users/alex/src/alexmcgovern.com/node_modules/react-dom/cjs/react-dom.development.js:23150:26)
    at commitPassiveMountOnFiber (/Users/alex/src/alexmcgovern.com/node_modules/react-dom/cjs/react-dom.development.js:24931:11)
    at commitPassiveMountEffects_complete (/Users/alex/src/alexmcgovern.com/node_modules/react-dom/cjs/react-dom.development.js:24891:9)
    at commitPassiveMountEffects_begin (/Users/alex/src/alexmcgovern.com/node_modules/react-dom/cjs/react-dom.development.js:24878:7)
    at commitPassiveMountEffects (/Users/alex/src/alexmcgovern.com/node_modules/react-dom/cjs/react-dom.development.js:24866:3)
    at flushPassiveEffectsImpl (/Users/alex/src/alexmcgovern.com/node_modules/react-dom/cjs/react-dom.development.js:27039:3)
    at flushPassiveEffects (/Users/alex/src/alexmcgovern.com/node_modules/react-dom/cjs/react-dom.development.js:26984:14)
    at /Users/alex/src/alexmcgovern.com/node_modules/react-dom/cjs/react-dom.development.js:26769:9
    at flushActQueue (/Users/alex/src/alexmcgovern.com/node_modules/react/cjs/react.development.js:2667:24)
    at act (/Users/alex/src/alexmcgovern.com/node_modules/react/cjs/react.development.js:2582:11)
    at /Users/alex/src/alexmcgovern.com/node_modules/@testing-library/react/dist/act-compat.js:63:25
    at renderRoot (/Users/alex/src/alexmcgovern.com/node_modules/@testing-library/react/dist/pure.js:159:26)
    at render (/Users/alex/src/alexmcgovern.com/node_modules/@testing-library/react/dist/pure.js:246:10)
    at renderTestComponent (/Users/alex/src/alexmcgovern.com/packages/gatsby-shared/src/shared-testing/TestComponentRenderer.ts:18:24)
    at Object.&lt;anonymous&gt; (/Users/alex/src/alexmcgovern.com/packages/boondoggle.design/src/components/Select/__tests__/DownshiftMultiSelect.test.tsx:11:46)
    at Promise.then.completed (/Users/alex/src/alexmcgovern.com/node_modules/jest-circus/build/utils.js:289:28)
    at new Promise (&lt;anonymous&gt;)
    at callAsyncCircusFn (/Users/alex/src/alexmcgovern.com/node_modules/jest-circus/build/utils.js:222:10)
    at _callCircusTest (/Users/alex/src/alexmcgovern.com/node_modules/jest-circus/build/run.js:248:40)
    at processTicksAndRejections (node:internal/process/task_queues:95:5)
    at _runTest (/Users/alex/src/alexmcgovern.com/node_modules/jest-circus/build/run.js:184:3)
    at _runTestsForDescribeBlock (/Users/alex/src/alexmcgovern.com/node_modules/jest-circus/build/run.js:86:9)
    at run (/Users/alex/src/alexmcgovern.com/node_modules/jest-circus/build/run.js:26:3)
    at runAndTransformResultsToJestFormat (/Users/alex/src/alexmcgovern.com/node_modules/jest-circus/build/legacy-code-todo-rewrite/jestAdapterInit.js:120:21)
    at jestAdapter (/Users/alex/src/alexmcgovern.com/node_modules/jest-circus/build/legacy-code-todo-rewrite/jestAdapter.js:79:19)
    at runTestInternal (/Users/alex/src/alexmcgovern.com/node_modules/jest-runner/build/runTest.js:367:16)
    at runTest (/Users/alex/src/alexmcgovern.com/node_modules/jest-runner/build/runTest.js:444:34)
    at Object.worker (/Users/alex/src/alexmcgovern.com/node_modules/jest-runner/build/testWorker.js:106:12)
    at flushUnexpectedConsoleCalls (/Users/alex/src/alexmcgovern.com/node_modules/jest-fail-on-console/index.js:40:13)
    at Object.&lt;anonymous&gt; (/Users/alex/src/alexmcgovern.com/node_modules/jest-fail-on-console/index.js:96:7)
    at Promise.then.completed (/Users/alex/src/alexmcgovern.com/node_modules/jest-circus/build/utils.js:289:28)
    at new Promise (&lt;anonymous&gt;)
    at callAsyncCircusFn (/Users/alex/src/alexmcgovern.com/node_modules/jest-circus/build/utils.js:222:10)
    at _callCircusHook (/Users/alex/src/alexmcgovern.com/node_modules/jest-circus/build/run.js:213:40)
    at processTicksAndRejections (node:internal/process/task_queues:95:5)
    at _runTest (/Users/alex/src/alexmcgovern.com/node_modules/jest-circus/build/run.js:186:5)
    at _runTestsForDescribeBlock (/Users/alex/src/alexmcgovern.com/node_modules/jest-circus/build/run.js:86:9)
    at run (/Users/alex/src/alexmcgovern.com/node_modules/jest-circus/build/run.js:26:3)
    at runAndTransformResultsToJestFormat (/Users/alex/src/alexmcgovern.com/node_modules/jest-circus/build/legacy-code-todo-rewrite/jestAdapterInit.js:120:21)
    at jestAdapter (/Users/alex/src/alexmcgovern.com/node_modules/jest-circus/build/legacy-code-todo-rewrite/jestAdapter.js:79:19)
    at runTestInternal (/Users/alex/src/alexmcgovern.com/node_modules/jest-runner/build/runTest.js:367:16)
    at runTest (/Users/alex/src/alexmcgovern.com/node_modules/jest-runner/build/runTest.js:444:34)
    at Object.worker (/Users/alex/src/alexmcgovern.com/node_modules/jest-runner/build/testWorker.js:106:12)</failure>
      <failure>Error: expect(received).toMatchSnapshot()

Snapshot name: `Renders without error 1`

- Snapshot  - 29
+ Received  + 35

  &lt;div
-   aria-expanded=&quot;false&quot;
-   aria-haspopup=&quot;listbox&quot;
-   aria-owns=&quot;downshift-0-menu&quot;
-   class=&quot;get_sprinkles_position_relative__1reh6z97 get_sprinkles_width_100%_mobile__1reh6z107&quot;
+   class=&quot;getSprinkles_position_relative__1jganc99z getSprinkles_width_100%_mobile__1jganc9e4&quot;
    data-testid=&quot;tested-component&quot;
-   role=&quot;combobox&quot;
  &gt;
-   &lt;div
-     class=&quot;get_sprinkles_position_relative__1reh6z97&quot;
+   &lt;div&gt;
+     &lt;fieldset
+       class=&quot;Input_getInputWrapperStyles__17v4xld1 Input__17v4xld0 getSprinkles_border_neutral_border_interactive__1jganc92o getSprinkles_borderRadius_md__1jganc92i getSprinkles_background_neutral_background_base__1jganc9x getSprinkles_color_neutral_text_lowContrast__1jganc922 getSprinkles_display_flex__1jganc9c getSprinkles_alignItems_center__1jganc92 getSprinkles_width_100%_mobile__1jganc9e4 getSprinkles_overflow_hidden__1jganc989 Input_getInputWrapperStyles_size_md__17v4xld3 variant_interactive_element_size_variantInteractiveElementSize_md__t3r2od7 variant_interactive_element_size__t3r2od1 getSprinkles_fontSize_body_lg_mobile__1jganc9ay getSprinkles_fontSize_body_md_desktop__1jganc9b3 getSprinkles_lineHeight_body_lg_mobile__1jganc9bs getSprinkles_lineHeight_body_md_desktop__1jganc9bx getSprinkles_height_spacing5_mobile__1jganc9hm getSprinkles_height_spacing4_desktop__1jganc9hl focus_ring_styles_focusedStateStyle__1vv8g8r0 &quot;
+       role=&quot;combobox&quot;
      &gt;
        &lt;input
+         aria-activedescendant=&quot;&quot;
          aria-autocomplete=&quot;list&quot;
          aria-controls=&quot;downshift-0-menu&quot;
+         aria-expanded=&quot;false&quot;
          aria-labelledby=&quot;downshift-0-label&quot;
          autocomplete=&quot;off&quot;
-       class=&quot;InputBase_getInputWrapperStyles__5mrrr91 InputBase__5mrrr90 get_sprinkles_paddingTop_spacing2_mobile__1reh6ztg get_sprinkles_paddingBottom_spacing2_mobile__1reh6znp get_sprinkles_paddingLeft_spacing2_mobile__1reh6zpm get_sprinkles_paddingRight_spacing2_mobile__1reh6zrj get_sprinkles_width_100%_mobile__1reh6z107 focus_ring_styles_focusRingStyles__xbo52k0 disabled_state_styles_disabledStateStyles__uj6nll0 InputBase_getInputWrapperStyles_size_md__5mrrr93 variant_interactive_element_size_variantInteractiveElementSize_md__1dzyhqw9 variant_interactive_element_size__1dzyhqw1 get_sprinkles_fontSize_body_lg_mobile__1reh6zfg get_sprinkles_fontSize_body_sm_desktop__1reh6zfo get_sprinkles_lineHeight_body_lg_mobile__1reh6zgs get_sprinkles_lineHeight_body_sm_desktop__1reh6zh0 get_sprinkles_height_spacing6_mobile__1reh6zbd get_sprinkles_height_spacing5_desktop__1reh6zbc&quot;
+         class=&quot;Input_inputElement__17v4xld9 Input__17v4xld8 getSprinkles_paddingLeft_spacing1__1jganc990 getSprinkles_paddingRight_spacing1__1jganc99f getSprinkles_width_100%_mobile__1jganc9e4 getSprinkles_height_100%_mobile__1jganc9gj&quot;
          id=&quot;test-dropdown&quot;
          name=&quot;test-dropdown&quot;
          placeholder=&quot;All&quot;
          value=&quot;&quot;
+       /&gt;
+       &lt;div&gt;
+         &lt;svg
+           aria-hidden=&quot;true&quot;
+           class=&quot;svg-inline--fa fa-angle-down icon_icon__111gfxw0 Input_trailingIcon__17v4xldd Input__17v4xldc getSprinkles_marginRight_spacing2__1jganc95o&quot;
+           data-icon=&quot;angle-down&quot;
+           data-prefix=&quot;fas&quot;
+           focusable=&quot;false&quot;
+           role=&quot;img&quot;
+           viewBox=&quot;0 0 448 512&quot;
+           xmlns=&quot;http://www.w3.org/2000/svg&quot;
+         &gt;
+           &lt;path
+             d=&quot;M201.4 374.6c12.5 12.5 32.8 12.5 45.3 0l160-160c12.5-12.5 12.5-32.8 0-45.3s-32.8-12.5-45.3 0L224 306.7 86.6 169.4c-12.5-12.5-32.8-12.5-45.3 0s-12.5 32.8 0 45.3l160 160z&quot;
+             fill=&quot;currentColor&quot;
            /&gt;
+         &lt;/svg&gt;
+       &lt;/div&gt;
+     &lt;/fieldset&gt;
    &lt;/div&gt;
    &lt;div
      aria-labelledby=&quot;downshift-0-label&quot;
-     class=&quot;DownshiftMenu_dropdownListWrapper__stbbpv1 focus_ring_styles_focusRingStyles__xbo52k0 DownshiftMenu__stbbpv0 get_sprinkles_marginTop_spacing1_mobile__1reh6zlm get_sprinkles_marginBottom_none_mobile__1reh6zcy get_sprinkles_marginLeft_none_mobile__1reh6zhm get_sprinkles_marginRight_none_mobile__1reh6zjj get_sprinkles_width_max-content_mobile__1reh6z10v get_sprinkles_minWidth_100%__1reh6z8d get_sprinkles_display_block_mobile__1reh6zcg get_sprinkles_borderRadius_sm__1reh6z1j get_sprinkles_overflow_hidden__1reh6z8x get_sprinkles_background_background_1__1reh6z16g get_sprinkles_boxShadowLight__1reh6z1r get_sprinkles_border_dividerColorLight__1reh6z17 get_sprinkles_overflowY_auto__1reh6z8z DownshiftMenu_dropdownWrapperClosed__stbbpv4&quot;
+     class=&quot;DropdownMenu_dropdownMenu__1ubprtm1 focus_ring_styles_focusedStateStyle__1vv8g8r0 DropdownMenu__1ubprtm0 getSprinkles_marginTop_spacing1__1jganc962 getSprinkles_width_max-content_mobile__1jganc9ej getSprinkles_maxWidth_gridSpan3__1jganc96v getSprinkles_display_block__1jganc9b getSprinkles_margin_none__1jganc93x getSprinkles_borderRadius_sm__1jganc92j getSprinkles_overflow_hidden__1jganc989 getSprinkles_background_neutral_background_raised__1jganc9y getSprinkles_boxShadow_sm__1jganc9a getSprinkles_border_neutral_border_interactive__1jganc92o getSprinkles_overflowY_auto__1jganc98a DropdownMenu_dropdownMenuClosed__1ubprtm4&quot;
      id=&quot;downshift-0-menu&quot;
      role=&quot;listbox&quot;
    &gt;
+     &lt;div
+       class=&quot;DropdownMenu_dropdownListInner__1ubprtm3 DropdownMenu__1ubprtm2&quot;
+     &gt;
        &lt;span
          aria-selected=&quot;false&quot;
-       class=&quot;DownshiftListItem_getDropdownStyles__ia0dkx1 DownshiftListItem__ia0dkx0 get_sprinkles_marginTop_none_mobile__1reh6zlg get_sprinkles_marginBottom_none_mobile__1reh6zcy get_sprinkles_marginLeft_none_mobile__1reh6zhm get_sprinkles_marginRight_none_mobile__1reh6zjj get_sprinkles_paddingTop_spacing2_mobile__1reh6ztg get_sprinkles_paddingBottom_spacing2_mobile__1reh6znp get_sprinkles_paddingLeft_spacing2_mobile__1reh6zpm get_sprinkles_paddingRight_spacing2_mobile__1reh6zrj get_sprinkles_display_flex_mobile__1reh6zcd get_sprinkles_alignItems_center__1reh6zz get_sprinkles_textDecoration_none__1reh6z17l get_sprinkles_width_100%_mobile__1reh6z107 get_sprinkles_textAlign_left_mobile__1reh6z13s get_sprinkles_color_text_highContrast__1reh6zi get_sprinkles_whiteSpace_nowrap__1reh6z9d focus_ring_styles_focusRingStyles__xbo52k0 disabled_state_styles_disabledStateStyles__uj6nll0 DownshiftListItem_getDropdownStyles_size_md__ia0dkx3 variant_interactive_element_size_variantInteractiveElementSize_md__1dzyhqw9 variant_interactive_element_size__1dzyhqw1 get_sprinkles_fontSize_body_lg_mobile__1reh6zfg get_sprinkles_fontSize_body_sm_desktop__1reh6zfo get_sprinkles_lineHeight_body_lg_mobile__1reh6zgs get_sprinkles_lineHeight_body_sm_desktop__1reh6zh0 get_sprinkles_height_spacing6_mobile__1reh6zbd get_sprinkles_height_spacing5_desktop__1reh6zbc&quot;
+         class=&quot;DropdownListItem_getDropdownListItemStyles__mbnr2x1 DropdownListItem__mbnr2x0 getSprinkles_paddingLeft_spacing1__1jganc990 getSprinkles_paddingRight_spacing1__1jganc99f getSprinkles_display_flex__1jganc9c getSprinkles_alignItems_center__1jganc92 getSprinkles_textDecoration_none__1jganc9a6 getSprinkles_width_100%_mobile__1jganc9e4 getSprinkles_textAlign_left__1jganc9a3 getSprinkles_color_neutral_text_highContrast__1jganc923 getSprinkles_whiteSpace_nowrap__1jganc9aa getSprinkles_margin_none__1jganc93x getSprinkles_gap_spacing0__1jganc93d focus_ring_styles_focusedStateStyle__1vv8g8r0 disabled_state_styles_disabledStateStyles__5jo1bk0 DropdownListItem_getDropdownListItemStyles_size_md__mbnr2x3 variant_interactive_element_size_variantInteractiveElementSize_md__t3r2od7 variant_interactive_element_size__t3r2od1 getSprinkles_fontSize_body_lg_mobile__1jganc9ay getSprinkles_fontSize_body_md_desktop__1jganc9b3 getSprinkles_lineHeight_body_lg_mobile__1jganc9bs getSprinkles_lineHeight_body_md_desktop__1jganc9bx getSprinkles_height_spacing5_mobile__1jganc9hm getSprinkles_height_spacing4_desktop__1jganc9hl&quot;
          id=&quot;downshift-0-item-0&quot;
          role=&quot;option&quot;
        &gt;
-       &lt;div
-         class=&quot;get_sprinkles_display_flex_mobile__1reh6zcd get_sprinkles_alignItems_center__1reh6zz get_sprinkles_gap_spacing1__1reh6z4h&quot;
-       &gt;
          &lt;input
            readonly=&quot;&quot;
            tabindex=&quot;-1&quot;
            type=&quot;checkbox&quot;
          /&gt;
          foo
-       &lt;/div&gt;
        &lt;/span&gt;
        &lt;span
          aria-selected=&quot;false&quot;
-       class=&quot;DownshiftListItem_getDropdownStyles__ia0dkx1 DownshiftListItem__ia0dkx0 get_sprinkles_marginTop_none_mobile__1reh6zlg get_sprinkles_marginBottom_none_mobile__1reh6zcy get_sprinkles_marginLeft_none_mobile__1reh6zhm get_sprinkles_marginRight_none_mobile__1reh6zjj get_sprinkles_paddingTop_spacing2_mobile__1reh6ztg get_sprinkles_paddingBottom_spacing2_mobile__1reh6znp get_sprinkles_paddingLeft_spacing2_mobile__1reh6zpm get_sprinkles_paddingRight_spacing2_mobile__1reh6zrj get_sprinkles_display_flex_mobile__1reh6zcd get_sprinkles_alignItems_center__1reh6zz get_sprinkles_textDecoration_none__1reh6z17l get_sprinkles_width_100%_mobile__1reh6z107 get_sprinkles_textAlign_left_mobile__1reh6z13s get_sprinkles_color_text_highContrast__1reh6zi get_sprinkles_whiteSpace_nowrap__1reh6z9d focus_ring_styles_focusRingStyles__xbo52k0 disabled_state_styles_disabledStateStyles__uj6nll0 DownshiftListItem_getDropdownStyles_size_md__ia0dkx3 variant_interactive_element_size_variantInteractiveElementSize_md__1dzyhqw9 variant_interactive_element_size__1dzyhqw1 get_sprinkles_fontSize_body_lg_mobile__1reh6zfg get_sprinkles_fontSize_body_sm_desktop__1reh6zfo get_sprinkles_lineHeight_body_lg_mobile__1reh6zgs get_sprinkles_lineHeight_body_sm_desktop__1reh6zh0 get_sprinkles_height_spacing6_mobile__1reh6zbd get_sprinkles_height_spacing5_desktop__1reh6zbc&quot;
+         class=&quot;DropdownListItem_getDropdownListItemStyles__mbnr2x1 DropdownListItem__mbnr2x0 getSprinkles_paddingLeft_spacing1__1jganc990 getSprinkles_paddingRight_spacing1__1jganc99f getSprinkles_display_flex__1jganc9c getSprinkles_alignItems_center__1jganc92 getSprinkles_textDecoration_none__1jganc9a6 getSprinkles_width_100%_mobile__1jganc9e4 getSprinkles_textAlign_left__1jganc9a3 getSprinkles_color_neutral_text_highContrast__1jganc923 getSprinkles_whiteSpace_nowrap__1jganc9aa getSprinkles_margin_none__1jganc93x getSprinkles_gap_spacing0__1jganc93d focus_ring_styles_focusedStateStyle__1vv8g8r0 disabled_state_styles_disabledStateStyles__5jo1bk0 DropdownListItem_getDropdownListItemStyles_size_md__mbnr2x3 variant_interactive_element_size_variantInteractiveElementSize_md__t3r2od7 variant_interactive_element_size__t3r2od1 getSprinkles_fontSize_body_lg_mobile__1jganc9ay getSprinkles_fontSize_body_md_desktop__1jganc9b3 getSprinkles_lineHeight_body_lg_mobile__1jganc9bs getSprinkles_lineHeight_body_md_desktop__1jganc9bx getSprinkles_height_spacing5_mobile__1jganc9hm getSprinkles_height_spacing4_desktop__1jganc9hl&quot;
          id=&quot;downshift-0-item-1&quot;
          role=&quot;option&quot;
        &gt;
-       &lt;div
-         class=&quot;get_sprinkles_display_flex_mobile__1reh6zcd get_sprinkles_alignItems_center__1reh6zz get_sprinkles_gap_spacing1__1reh6z4h&quot;
-       &gt;
          &lt;input
            readonly=&quot;&quot;
            tabindex=&quot;-1&quot;
            type=&quot;checkbox&quot;
          /&gt;
          bar
-       &lt;/div&gt;
        &lt;/span&gt;
        &lt;span
          aria-selected=&quot;false&quot;
-       class=&quot;DownshiftListItem_getDropdownStyles__ia0dkx1 DownshiftListItem__ia0dkx0 get_sprinkles_marginTop_none_mobile__1reh6zlg get_sprinkles_marginBottom_none_mobile__1reh6zcy get_sprinkles_marginLeft_none_mobile__1reh6zhm get_sprinkles_marginRight_none_mobile__1reh6zjj get_sprinkles_paddingTop_spacing2_mobile__1reh6ztg get_sprinkles_paddingBottom_spacing2_mobile__1reh6znp get_sprinkles_paddingLeft_spacing2_mobile__1reh6zpm get_sprinkles_paddingRight_spacing2_mobile__1reh6zrj get_sprinkles_display_flex_mobile__1reh6zcd get_sprinkles_alignItems_center__1reh6zz get_sprinkles_textDecoration_none__1reh6z17l get_sprinkles_width_100%_mobile__1reh6z107 get_sprinkles_textAlign_left_mobile__1reh6z13s get_sprinkles_color_text_highContrast__1reh6zi get_sprinkles_whiteSpace_nowrap__1reh6z9d focus_ring_styles_focusRingStyles__xbo52k0 disabled_state_styles_disabledStateStyles__uj6nll0 DownshiftListItem_getDropdownStyles_size_md__ia0dkx3 variant_interactive_element_size_variantInteractiveElementSize_md__1dzyhqw9 variant_interactive_element_size__1dzyhqw1 get_sprinkles_fontSize_body_lg_mobile__1reh6zfg get_sprinkles_fontSize_body_sm_desktop__1reh6zfo get_sprinkles_lineHeight_body_lg_mobile__1reh6zgs get_sprinkles_lineHeight_body_sm_desktop__1reh6zh0 get_sprinkles_height_spacing6_mobile__1reh6zbd get_sprinkles_height_spacing5_desktop__1reh6zbc&quot;
+         class=&quot;DropdownListItem_getDropdownListItemStyles__mbnr2x1 DropdownListItem__mbnr2x0 getSprinkles_paddingLeft_spacing1__1jganc990 getSprinkles_paddingRight_spacing1__1jganc99f getSprinkles_display_flex__1jganc9c getSprinkles_alignItems_center__1jganc92 getSprinkles_textDecoration_none__1jganc9a6 getSprinkles_width_100%_mobile__1jganc9e4 getSprinkles_textAlign_left__1jganc9a3 getSprinkles_color_neutral_text_highContrast__1jganc923 getSprinkles_whiteSpace_nowrap__1jganc9aa getSprinkles_margin_none__1jganc93x getSprinkles_gap_spacing0__1jganc93d focus_ring_styles_focusedStateStyle__1vv8g8r0 disabled_state_styles_disabledStateStyles__5jo1bk0 DropdownListItem_getDropdownListItemStyles_size_md__mbnr2x3 variant_interactive_element_size_variantInteractiveElementSize_md__t3r2od7 variant_interactive_element_size__t3r2od1 getSprinkles_fontSize_body_lg_mobile__1jganc9ay getSprinkles_fontSize_body_md_desktop__1jganc9b3 getSprinkles_lineHeight_body_lg_mobile__1jganc9bs getSprinkles_lineHeight_body_md_desktop__1jganc9bx getSprinkles_height_spacing5_mobile__1jganc9hm getSprinkles_height_spacing4_desktop__1jganc9hl&quot;
          id=&quot;downshift-0-item-2&quot;
          role=&quot;option&quot;
-     &gt;
-       &lt;div
-         class=&quot;get_sprinkles_display_flex_mobile__1reh6zcd get_sprinkles_alignItems_center__1reh6zz get_sprinkles_gap_spacing1__1reh6z4h&quot;
        &gt;
          &lt;input
            readonly=&quot;&quot;
            tabindex=&quot;-1&quot;
            type=&quot;checkbox&quot;
          /&gt;
          bob
-       &lt;/div&gt;
        &lt;/span&gt;
        &lt;span
          aria-selected=&quot;false&quot;
-       class=&quot;DownshiftListItem_getDropdownStyles__ia0dkx1 DownshiftListItem__ia0dkx0 get_sprinkles_marginTop_none_mobile__1reh6zlg get_sprinkles_marginBottom_none_mobile__1reh6zcy get_sprinkles_marginLeft_none_mobile__1reh6zhm get_sprinkles_marginRight_none_mobile__1reh6zjj get_sprinkles_paddingTop_spacing2_mobile__1reh6ztg get_sprinkles_paddingBottom_spacing2_mobile__1reh6znp get_sprinkles_paddingLeft_spacing2_mobile__1reh6zpm get_sprinkles_paddingRight_spacing2_mobile__1reh6zrj get_sprinkles_display_flex_mobile__1reh6zcd get_sprinkles_alignItems_center__1reh6zz get_sprinkles_textDecoration_none__1reh6z17l get_sprinkles_width_100%_mobile__1reh6z107 get_sprinkles_textAlign_left_mobile__1reh6z13s get_sprinkles_color_text_highContrast__1reh6zi get_sprinkles_whiteSpace_nowrap__1reh6z9d focus_ring_styles_focusRingStyles__xbo52k0 disabled_state_styles_disabledStateStyles__uj6nll0 DownshiftListItem_getDropdownStyles_size_md__ia0dkx3 variant_interactive_element_size_variantInteractiveElementSize_md__1dzyhqw9 variant_interactive_element_size__1dzyhqw1 get_sprinkles_fontSize_body_lg_mobile__1reh6zfg get_sprinkles_fontSize_body_sm_desktop__1reh6zfo get_sprinkles_lineHeight_body_lg_mobile__1reh6zgs get_sprinkles_lineHeight_body_sm_desktop__1reh6zh0 get_sprinkles_height_spacing6_mobile__1reh6zbd get_sprinkles_height_spacing5_desktop__1reh6zbc&quot;
+         class=&quot;DropdownListItem_getDropdownListItemStyles__mbnr2x1 DropdownListItem__mbnr2x0 getSprinkles_paddingLeft_spacing1__1jganc990 getSprinkles_paddingRight_spacing1__1jganc99f getSprinkles_display_flex__1jganc9c getSprinkles_alignItems_center__1jganc92 getSprinkles_textDecoration_none__1jganc9a6 getSprinkles_width_100%_mobile__1jganc9e4 getSprinkles_textAlign_left__1jganc9a3 getSprinkles_color_neutral_text_highContrast__1jganc923 getSprinkles_whiteSpace_nowrap__1jganc9aa getSprinkles_margin_none__1jganc93x getSprinkles_gap_spacing0__1jganc93d focus_ring_styles_focusedStateStyle__1vv8g8r0 disabled_state_styles_disabledStateStyles__5jo1bk0 DropdownListItem_getDropdownListItemStyles_size_md__mbnr2x3 variant_interactive_element_size_variantInteractiveElementSize_md__t3r2od7 variant_interactive_element_size__t3r2od1 getSprinkles_fontSize_body_lg_mobile__1jganc9ay getSprinkles_fontSize_body_md_desktop__1jganc9b3 getSprinkles_lineHeight_body_lg_mobile__1jganc9bs getSprinkles_lineHeight_body_md_desktop__1jganc9bx getSprinkles_height_spacing5_mobile__1jganc9hm getSprinkles_height_spacing4_desktop__1jganc9hl&quot;
          id=&quot;downshift-0-item-3&quot;
          role=&quot;option&quot;
        &gt;
-       &lt;div
-         class=&quot;get_sprinkles_display_flex_mobile__1reh6zcd get_sprinkles_alignItems_center__1reh6zz get_sprinkles_gap_spacing1__1reh6z4h&quot;
-       &gt;
          &lt;input
            readonly=&quot;&quot;
            tabindex=&quot;-1&quot;
            type=&quot;checkbox&quot;
          /&gt;
          alice
-       &lt;/div&gt;
        &lt;/span&gt;
+     &lt;/div&gt;
    &lt;/div&gt;
  &lt;/div&gt;
    at Object.&lt;anonymous&gt; (/Users/alex/src/alexmcgovern.com/packages/boondoggle.design/src/components/Select/__tests__/DownshiftMultiSelect.test.tsx:26:43)
    at Promise.then.completed (/Users/alex/src/alexmcgovern.com/node_modules/jest-circus/build/utils.js:289:28)
    at new Promise (&lt;anonymous&gt;)
    at callAsyncCircusFn (/Users/alex/src/alexmcgovern.com/node_modules/jest-circus/build/utils.js:222:10)
    at _callCircusTest (/Users/alex/src/alexmcgovern.com/node_modules/jest-circus/build/run.js:248:40)
    at processTicksAndRejections (node:internal/process/task_queues:95:5)
    at _runTest (/Users/alex/src/alexmcgovern.com/node_modules/jest-circus/build/run.js:184:3)
    at _runTestsForDescribeBlock (/Users/alex/src/alexmcgovern.com/node_modules/jest-circus/build/run.js:86:9)
    at run (/Users/alex/src/alexmcgovern.com/node_modules/jest-circus/build/run.js:26:3)
    at runAndTransformResultsToJestFormat (/Users/alex/src/alexmcgovern.com/node_modules/jest-circus/build/legacy-code-todo-rewrite/jestAdapterInit.js:120:21)
    at jestAdapter (/Users/alex/src/alexmcgovern.com/node_modules/jest-circus/build/legacy-code-todo-rewrite/jestAdapter.js:79:19)
    at runTestInternal (/Users/alex/src/alexmcgovern.com/node_modules/jest-runner/build/runTest.js:367:16)
    at runTest (/Users/alex/src/alexmcgovern.com/node_modules/jest-runner/build/runTest.js:444:34)
    at Object.worker (/Users/alex/src/alexmcgovern.com/node_modules/jest-runner/build/testWorker.js:106:12)</failure>
    </testcase>
  </testsuite>
  <testsuite name="undefined" errors="0" failures="1" skipped="0" timestamp="2022-11-24T23:23:06" time="16.821" tests="1">
    <testcase classname=" When user uses keyboard to select and deselect an item, should call `onChange` with correct values each time" name=" When user uses keyboard to select and deselect an item, should call `onChange` with correct values each time" time="0.454">
      <failure>TypeError: expect(...).toHaveFocus is not a function
    at Object.&lt;anonymous&gt; (/Users/alex/src/alexmcgovern.com/packages/boondoggle.design/src/components/Select/__tests__/DownshiftMultiSelect_keyboardInteraction.test.tsx:36:17)</failure>
      <failure>Error: Expected test not to call console.error().

If the error is expected, test for it explicitly by mocking it out using jest.spyOn(console, &apos;error&apos;).mockImplementation() and test that the warning occurs.

downshift: The ref prop &quot;ref&quot; from getDropdownProps was not applied correctly on your element.
    at console.captureMessage [as error] (/Users/alex/src/alexmcgovern.com/node_modules/jest-fail-on-console/index.js:56:25)
    at /Users/alex/src/alexmcgovern.com/node_modules/downshift/dist/downshift.cjs.js:1853:19
    at Array.forEach (&lt;anonymous&gt;)
    at /Users/alex/src/alexmcgovern.com/node_modules/downshift/dist/downshift.cjs.js:1837:49
    at commitHookEffectListMount (/Users/alex/src/alexmcgovern.com/node_modules/react-dom/cjs/react-dom.development.js:23150:26)
    at commitPassiveMountOnFiber (/Users/alex/src/alexmcgovern.com/node_modules/react-dom/cjs/react-dom.development.js:24931:11)
    at commitPassiveMountEffects_complete (/Users/alex/src/alexmcgovern.com/node_modules/react-dom/cjs/react-dom.development.js:24891:9)
    at commitPassiveMountEffects_begin (/Users/alex/src/alexmcgovern.com/node_modules/react-dom/cjs/react-dom.development.js:24878:7)
    at commitPassiveMountEffects (/Users/alex/src/alexmcgovern.com/node_modules/react-dom/cjs/react-dom.development.js:24866:3)
    at flushPassiveEffectsImpl (/Users/alex/src/alexmcgovern.com/node_modules/react-dom/cjs/react-dom.development.js:27039:3)
    at flushPassiveEffects (/Users/alex/src/alexmcgovern.com/node_modules/react-dom/cjs/react-dom.development.js:26984:14)
    at /Users/alex/src/alexmcgovern.com/node_modules/react-dom/cjs/react-dom.development.js:26769:9
    at flushActQueue (/Users/alex/src/alexmcgovern.com/node_modules/react/cjs/react.development.js:2667:24)
    at act (/Users/alex/src/alexmcgovern.com/node_modules/react/cjs/react.development.js:2582:11)
    at /Users/alex/src/alexmcgovern.com/node_modules/@testing-library/react/dist/act-compat.js:63:25
    at renderRoot (/Users/alex/src/alexmcgovern.com/node_modules/@testing-library/react/dist/pure.js:159:26)
    at render (/Users/alex/src/alexmcgovern.com/node_modules/@testing-library/react/dist/pure.js:246:10)
    at renderTestComponent (/Users/alex/src/alexmcgovern.com/packages/gatsby-shared/src/shared-testing/TestComponentRenderer.ts:18:24)
    at Object.&lt;anonymous&gt; (/Users/alex/src/alexmcgovern.com/packages/boondoggle.design/src/components/Select/__tests__/DownshiftMultiSelect_keyboardInteraction.test.tsx:13:50)
    at Promise.then.completed (/Users/alex/src/alexmcgovern.com/node_modules/jest-circus/build/utils.js:289:28)
    at new Promise (&lt;anonymous&gt;)
    at callAsyncCircusFn (/Users/alex/src/alexmcgovern.com/node_modules/jest-circus/build/utils.js:222:10)
    at _callCircusTest (/Users/alex/src/alexmcgovern.com/node_modules/jest-circus/build/run.js:248:40)
    at processTicksAndRejections (node:internal/process/task_queues:95:5)
    at _runTest (/Users/alex/src/alexmcgovern.com/node_modules/jest-circus/build/run.js:184:3)
    at _runTestsForDescribeBlock (/Users/alex/src/alexmcgovern.com/node_modules/jest-circus/build/run.js:86:9)
    at run (/Users/alex/src/alexmcgovern.com/node_modules/jest-circus/build/run.js:26:3)
    at runAndTransformResultsToJestFormat (/Users/alex/src/alexmcgovern.com/node_modules/jest-circus/build/legacy-code-todo-rewrite/jestAdapterInit.js:120:21)
    at jestAdapter (/Users/alex/src/alexmcgovern.com/node_modules/jest-circus/build/legacy-code-todo-rewrite/jestAdapter.js:79:19)
    at runTestInternal (/Users/alex/src/alexmcgovern.com/node_modules/jest-runner/build/runTest.js:367:16)
    at runTest (/Users/alex/src/alexmcgovern.com/node_modules/jest-runner/build/runTest.js:444:34)
    at Object.worker (/Users/alex/src/alexmcgovern.com/node_modules/jest-runner/build/testWorker.js:106:12)

downshift: The ref prop &quot;ref&quot; from getDropdownProps was not applied correctly on your element.
    at console.captureMessage [as error] (/Users/alex/src/alexmcgovern.com/node_modules/jest-fail-on-console/index.js:56:25)
    at /Users/alex/src/alexmcgovern.com/node_modules/downshift/dist/downshift.cjs.js:1853:19
    at Array.forEach (&lt;anonymous&gt;)
    at /Users/alex/src/alexmcgovern.com/node_modules/downshift/dist/downshift.cjs.js:1837:49
    at commitHookEffectListMount (/Users/alex/src/alexmcgovern.com/node_modules/react-dom/cjs/react-dom.development.js:23150:26)
    at commitPassiveMountOnFiber (/Users/alex/src/alexmcgovern.com/node_modules/react-dom/cjs/react-dom.development.js:24931:11)
    at commitPassiveMountEffects_complete (/Users/alex/src/alexmcgovern.com/node_modules/react-dom/cjs/react-dom.development.js:24891:9)
    at commitPassiveMountEffects_begin (/Users/alex/src/alexmcgovern.com/node_modules/react-dom/cjs/react-dom.development.js:24878:7)
    at commitPassiveMountEffects (/Users/alex/src/alexmcgovern.com/node_modules/react-dom/cjs/react-dom.development.js:24866:3)
    at flushPassiveEffectsImpl (/Users/alex/src/alexmcgovern.com/node_modules/react-dom/cjs/react-dom.development.js:27039:3)
    at flushPassiveEffects (/Users/alex/src/alexmcgovern.com/node_modules/react-dom/cjs/react-dom.development.js:26984:14)
    at /Users/alex/src/alexmcgovern.com/node_modules/react-dom/cjs/react-dom.development.js:26769:9
    at flushActQueue (/Users/alex/src/alexmcgovern.com/node_modules/react/cjs/react.development.js:2667:24)
    at act (/Users/alex/src/alexmcgovern.com/node_modules/react/cjs/react.development.js:2582:11)
    at /Users/alex/src/alexmcgovern.com/node_modules/@testing-library/react/dist/act-compat.js:63:25
    at renderRoot (/Users/alex/src/alexmcgovern.com/node_modules/@testing-library/react/dist/pure.js:159:26)
    at render (/Users/alex/src/alexmcgovern.com/node_modules/@testing-library/react/dist/pure.js:246:10)
    at renderTestComponent (/Users/alex/src/alexmcgovern.com/packages/gatsby-shared/src/shared-testing/TestComponentRenderer.ts:18:24)
    at Object.&lt;anonymous&gt; (/Users/alex/src/alexmcgovern.com/packages/boondoggle.design/src/components/Select/__tests__/DownshiftMultiSelect_keyboardInteraction.test.tsx:13:50)
    at Promise.then.completed (/Users/alex/src/alexmcgovern.com/node_modules/jest-circus/build/utils.js:289:28)
    at new Promise (&lt;anonymous&gt;)
    at callAsyncCircusFn (/Users/alex/src/alexmcgovern.com/node_modules/jest-circus/build/utils.js:222:10)
    at _callCircusTest (/Users/alex/src/alexmcgovern.com/node_modules/jest-circus/build/run.js:248:40)
    at processTicksAndRejections (node:internal/process/task_queues:95:5)
    at _runTest (/Users/alex/src/alexmcgovern.com/node_modules/jest-circus/build/run.js:184:3)
    at _runTestsForDescribeBlock (/Users/alex/src/alexmcgovern.com/node_modules/jest-circus/build/run.js:86:9)
    at run (/Users/alex/src/alexmcgovern.com/node_modules/jest-circus/build/run.js:26:3)
    at runAndTransformResultsToJestFormat (/Users/alex/src/alexmcgovern.com/node_modules/jest-circus/build/legacy-code-todo-rewrite/jestAdapterInit.js:120:21)
    at jestAdapter (/Users/alex/src/alexmcgovern.com/node_modules/jest-circus/build/legacy-code-todo-rewrite/jestAdapter.js:79:19)
    at runTestInternal (/Users/alex/src/alexmcgovern.com/node_modules/jest-runner/build/runTest.js:367:16)
    at runTest (/Users/alex/src/alexmcgovern.com/node_modules/jest-runner/build/runTest.js:444:34)
    at Object.worker (/Users/alex/src/alexmcgovern.com/node_modules/jest-runner/build/testWorker.js:106:12)

downshift: The ref prop &quot;ref&quot; from getDropdownProps was not applied correctly on your element.
    at console.captureMessage [as error] (/Users/alex/src/alexmcgovern.com/node_modules/jest-fail-on-console/index.js:56:25)
    at /Users/alex/src/alexmcgovern.com/node_modules/downshift/dist/downshift.cjs.js:1853:19
    at Array.forEach (&lt;anonymous&gt;)
    at /Users/alex/src/alexmcgovern.com/node_modules/downshift/dist/downshift.cjs.js:1837:49
    at commitHookEffectListMount (/Users/alex/src/alexmcgovern.com/node_modules/react-dom/cjs/react-dom.development.js:23150:26)
    at commitPassiveMountOnFiber (/Users/alex/src/alexmcgovern.com/node_modules/react-dom/cjs/react-dom.development.js:24931:11)
    at commitPassiveMountEffects_complete (/Users/alex/src/alexmcgovern.com/node_modules/react-dom/cjs/react-dom.development.js:24891:9)
    at commitPassiveMountEffects_begin (/Users/alex/src/alexmcgovern.com/node_modules/react-dom/cjs/react-dom.development.js:24878:7)
    at commitPassiveMountEffects (/Users/alex/src/alexmcgovern.com/node_modules/react-dom/cjs/react-dom.development.js:24866:3)
    at flushPassiveEffectsImpl (/Users/alex/src/alexmcgovern.com/node_modules/react-dom/cjs/react-dom.development.js:27039:3)
    at flushPassiveEffects (/Users/alex/src/alexmcgovern.com/node_modules/react-dom/cjs/react-dom.development.js:26984:14)
    at commitRootImpl (/Users/alex/src/alexmcgovern.com/node_modules/react-dom/cjs/react-dom.development.js:26935:5)
    at commitRoot (/Users/alex/src/alexmcgovern.com/node_modules/react-dom/cjs/react-dom.development.js:26682:5)
    at performSyncWorkOnRoot (/Users/alex/src/alexmcgovern.com/node_modules/react-dom/cjs/react-dom.development.js:26117:3)
    at flushSyncCallbacks (/Users/alex/src/alexmcgovern.com/node_modules/react-dom/cjs/react-dom.development.js:12042:22)
    at flushActQueue (/Users/alex/src/alexmcgovern.com/node_modules/react/cjs/react.development.js:2667:24)
    at act (/Users/alex/src/alexmcgovern.com/node_modules/react/cjs/react.development.js:2582:11)
    at /Users/alex/src/alexmcgovern.com/node_modules/@testing-library/react/dist/act-compat.js:63:25
    at Object.eventWrapper (/Users/alex/src/alexmcgovern.com/node_modules/@testing-library/react/dist/pure.js:78:28)
    at Object.wrapEvent (/Users/alex/src/alexmcgovern.com/node_modules/@testing-library/user-event/dist/cjs/event/wrapEvent.js:8:28)
    at Object.focusElement (/Users/alex/src/alexmcgovern.com/node_modules/@testing-library/user-event/dist/cjs/event/focus.js:27:19)
    at /Users/alex/src/alexmcgovern.com/node_modules/@testing-library/user-event/dist/cjs/event/behavior/keydown.js:120:19
    at Object.dispatchEvent (/Users/alex/src/alexmcgovern.com/node_modules/@testing-library/user-event/dist/cjs/event/dispatchEvent.js:43:13)
    at Object.dispatchUIEvent (/Users/alex/src/alexmcgovern.com/node_modules/@testing-library/user-event/dist/cjs/event/dispatchEvent.js:24:26)
    at KeyboardHost.keydown (/Users/alex/src/alexmcgovern.com/node_modules/@testing-library/user-event/dist/cjs/system/keyboard.js:65:38)
    at keyboardAction (/Users/alex/src/alexmcgovern.com/node_modules/@testing-library/user-event/dist/cjs/keyboard/index.js:31:35)
    at Object.keyboard (/Users/alex/src/alexmcgovern.com/node_modules/@testing-library/user-event/dist/cjs/keyboard/index.js:20:15)
    at Object.asyncWrapper (/Users/alex/src/alexmcgovern.com/node_modules/@testing-library/react/dist/pure.js:71:14)
    at Object.&lt;anonymous&gt; (/Users/alex/src/alexmcgovern.com/packages/boondoggle.design/src/components/Select/__tests__/DownshiftMultiSelect_keyboardInteraction.test.tsx:35:3)
    at flushUnexpectedConsoleCalls (/Users/alex/src/alexmcgovern.com/node_modules/jest-fail-on-console/index.js:40:13)
    at Object.&lt;anonymous&gt; (/Users/alex/src/alexmcgovern.com/node_modules/jest-fail-on-console/index.js:96:7)
    at Promise.then.completed (/Users/alex/src/alexmcgovern.com/node_modules/jest-circus/build/utils.js:289:28)
    at new Promise (&lt;anonymous&gt;)
    at callAsyncCircusFn (/Users/alex/src/alexmcgovern.com/node_modules/jest-circus/build/utils.js:222:10)
    at _callCircusHook (/Users/alex/src/alexmcgovern.com/node_modules/jest-circus/build/run.js:213:40)
    at _runTest (/Users/alex/src/alexmcgovern.com/node_modules/jest-circus/build/run.js:186:5)
    at _runTestsForDescribeBlock (/Users/alex/src/alexmcgovern.com/node_modules/jest-circus/build/run.js:86:9)
    at run (/Users/alex/src/alexmcgovern.com/node_modules/jest-circus/build/run.js:26:3)
    at runAndTransformResultsToJestFormat (/Users/alex/src/alexmcgovern.com/node_modules/jest-circus/build/legacy-code-todo-rewrite/jestAdapterInit.js:120:21)
    at jestAdapter (/Users/alex/src/alexmcgovern.com/node_modules/jest-circus/build/legacy-code-todo-rewrite/jestAdapter.js:79:19)
    at runTestInternal (/Users/alex/src/alexmcgovern.com/node_modules/jest-runner/build/runTest.js:367:16)
    at runTest (/Users/alex/src/alexmcgovern.com/node_modules/jest-runner/build/runTest.js:444:34)
    at Object.worker (/Users/alex/src/alexmcgovern.com/node_modules/jest-runner/build/testWorker.js:106:12)</failure>
    </testcase>
  </testsuite>
  <testsuite name="undefined" errors="0" failures="2" skipped="0" timestamp="2022-11-24T23:23:06" time="17.422" tests="2">
    <testcase classname=" When user types a valid `inputValue`, filters rendered items correctly" name=" When user types a valid `inputValue`, filters rendered items correctly" time="0.54">
      <failure>Error: Expected test not to call console.error().

If the error is expected, test for it explicitly by mocking it out using jest.spyOn(console, &apos;error&apos;).mockImplementation() and test that the warning occurs.

downshift: The ref prop &quot;ref&quot; from getDropdownProps was not applied correctly on your element.
    at console.captureMessage [as error] (/Users/alex/src/alexmcgovern.com/node_modules/jest-fail-on-console/index.js:56:25)
    at /Users/alex/src/alexmcgovern.com/node_modules/downshift/dist/downshift.cjs.js:1853:19
    at Array.forEach (&lt;anonymous&gt;)
    at /Users/alex/src/alexmcgovern.com/node_modules/downshift/dist/downshift.cjs.js:1837:49
    at commitHookEffectListMount (/Users/alex/src/alexmcgovern.com/node_modules/react-dom/cjs/react-dom.development.js:23150:26)
    at commitPassiveMountOnFiber (/Users/alex/src/alexmcgovern.com/node_modules/react-dom/cjs/react-dom.development.js:24931:11)
    at commitPassiveMountEffects_complete (/Users/alex/src/alexmcgovern.com/node_modules/react-dom/cjs/react-dom.development.js:24891:9)
    at commitPassiveMountEffects_begin (/Users/alex/src/alexmcgovern.com/node_modules/react-dom/cjs/react-dom.development.js:24878:7)
    at commitPassiveMountEffects (/Users/alex/src/alexmcgovern.com/node_modules/react-dom/cjs/react-dom.development.js:24866:3)
    at flushPassiveEffectsImpl (/Users/alex/src/alexmcgovern.com/node_modules/react-dom/cjs/react-dom.development.js:27039:3)
    at flushPassiveEffects (/Users/alex/src/alexmcgovern.com/node_modules/react-dom/cjs/react-dom.development.js:26984:14)
    at /Users/alex/src/alexmcgovern.com/node_modules/react-dom/cjs/react-dom.development.js:26769:9
    at flushActQueue (/Users/alex/src/alexmcgovern.com/node_modules/react/cjs/react.development.js:2667:24)
    at act (/Users/alex/src/alexmcgovern.com/node_modules/react/cjs/react.development.js:2582:11)
    at /Users/alex/src/alexmcgovern.com/node_modules/@testing-library/react/dist/act-compat.js:63:25
    at renderRoot (/Users/alex/src/alexmcgovern.com/node_modules/@testing-library/react/dist/pure.js:159:26)
    at render (/Users/alex/src/alexmcgovern.com/node_modules/@testing-library/react/dist/pure.js:246:10)
    at renderTestComponent (/Users/alex/src/alexmcgovern.com/packages/gatsby-shared/src/shared-testing/TestComponentRenderer.ts:18:24)
    at Object.&lt;anonymous&gt; (/Users/alex/src/alexmcgovern.com/packages/boondoggle.design/src/components/Select/__tests__/DownshiftMultiSelect_filtering.test.tsx:14:24)
    at Promise.then.completed (/Users/alex/src/alexmcgovern.com/node_modules/jest-circus/build/utils.js:289:28)
    at new Promise (&lt;anonymous&gt;)
    at callAsyncCircusFn (/Users/alex/src/alexmcgovern.com/node_modules/jest-circus/build/utils.js:222:10)
    at _callCircusTest (/Users/alex/src/alexmcgovern.com/node_modules/jest-circus/build/run.js:248:40)
    at processTicksAndRejections (node:internal/process/task_queues:95:5)
    at _runTest (/Users/alex/src/alexmcgovern.com/node_modules/jest-circus/build/run.js:184:3)
    at _runTestsForDescribeBlock (/Users/alex/src/alexmcgovern.com/node_modules/jest-circus/build/run.js:86:9)
    at run (/Users/alex/src/alexmcgovern.com/node_modules/jest-circus/build/run.js:26:3)
    at runAndTransformResultsToJestFormat (/Users/alex/src/alexmcgovern.com/node_modules/jest-circus/build/legacy-code-todo-rewrite/jestAdapterInit.js:120:21)
    at jestAdapter (/Users/alex/src/alexmcgovern.com/node_modules/jest-circus/build/legacy-code-todo-rewrite/jestAdapter.js:79:19)
    at runTestInternal (/Users/alex/src/alexmcgovern.com/node_modules/jest-runner/build/runTest.js:367:16)
    at runTest (/Users/alex/src/alexmcgovern.com/node_modules/jest-runner/build/runTest.js:444:34)
    at Object.worker (/Users/alex/src/alexmcgovern.com/node_modules/jest-runner/build/testWorker.js:106:12)

downshift: The ref prop &quot;ref&quot; from getDropdownProps was not applied correctly on your element.
    at console.captureMessage [as error] (/Users/alex/src/alexmcgovern.com/node_modules/jest-fail-on-console/index.js:56:25)
    at /Users/alex/src/alexmcgovern.com/node_modules/downshift/dist/downshift.cjs.js:1853:19
    at Array.forEach (&lt;anonymous&gt;)
    at /Users/alex/src/alexmcgovern.com/node_modules/downshift/dist/downshift.cjs.js:1837:49
    at commitHookEffectListMount (/Users/alex/src/alexmcgovern.com/node_modules/react-dom/cjs/react-dom.development.js:23150:26)
    at commitPassiveMountOnFiber (/Users/alex/src/alexmcgovern.com/node_modules/react-dom/cjs/react-dom.development.js:24931:11)
    at commitPassiveMountEffects_complete (/Users/alex/src/alexmcgovern.com/node_modules/react-dom/cjs/react-dom.development.js:24891:9)
    at commitPassiveMountEffects_begin (/Users/alex/src/alexmcgovern.com/node_modules/react-dom/cjs/react-dom.development.js:24878:7)
    at commitPassiveMountEffects (/Users/alex/src/alexmcgovern.com/node_modules/react-dom/cjs/react-dom.development.js:24866:3)
    at flushPassiveEffectsImpl (/Users/alex/src/alexmcgovern.com/node_modules/react-dom/cjs/react-dom.development.js:27039:3)
    at flushPassiveEffects (/Users/alex/src/alexmcgovern.com/node_modules/react-dom/cjs/react-dom.development.js:26984:14)
    at /Users/alex/src/alexmcgovern.com/node_modules/react-dom/cjs/react-dom.development.js:26769:9
    at flushActQueue (/Users/alex/src/alexmcgovern.com/node_modules/react/cjs/react.development.js:2667:24)
    at act (/Users/alex/src/alexmcgovern.com/node_modules/react/cjs/react.development.js:2582:11)
    at /Users/alex/src/alexmcgovern.com/node_modules/@testing-library/react/dist/act-compat.js:63:25
    at renderRoot (/Users/alex/src/alexmcgovern.com/node_modules/@testing-library/react/dist/pure.js:159:26)
    at render (/Users/alex/src/alexmcgovern.com/node_modules/@testing-library/react/dist/pure.js:246:10)
    at renderTestComponent (/Users/alex/src/alexmcgovern.com/packages/gatsby-shared/src/shared-testing/TestComponentRenderer.ts:18:24)
    at Object.&lt;anonymous&gt; (/Users/alex/src/alexmcgovern.com/packages/boondoggle.design/src/components/Select/__tests__/DownshiftMultiSelect_filtering.test.tsx:14:24)
    at Promise.then.completed (/Users/alex/src/alexmcgovern.com/node_modules/jest-circus/build/utils.js:289:28)
    at new Promise (&lt;anonymous&gt;)
    at callAsyncCircusFn (/Users/alex/src/alexmcgovern.com/node_modules/jest-circus/build/utils.js:222:10)
    at _callCircusTest (/Users/alex/src/alexmcgovern.com/node_modules/jest-circus/build/run.js:248:40)
    at processTicksAndRejections (node:internal/process/task_queues:95:5)
    at _runTest (/Users/alex/src/alexmcgovern.com/node_modules/jest-circus/build/run.js:184:3)
    at _runTestsForDescribeBlock (/Users/alex/src/alexmcgovern.com/node_modules/jest-circus/build/run.js:86:9)
    at run (/Users/alex/src/alexmcgovern.com/node_modules/jest-circus/build/run.js:26:3)
    at runAndTransformResultsToJestFormat (/Users/alex/src/alexmcgovern.com/node_modules/jest-circus/build/legacy-code-todo-rewrite/jestAdapterInit.js:120:21)
    at jestAdapter (/Users/alex/src/alexmcgovern.com/node_modules/jest-circus/build/legacy-code-todo-rewrite/jestAdapter.js:79:19)
    at runTestInternal (/Users/alex/src/alexmcgovern.com/node_modules/jest-runner/build/runTest.js:367:16)
    at runTest (/Users/alex/src/alexmcgovern.com/node_modules/jest-runner/build/runTest.js:444:34)
    at Object.worker (/Users/alex/src/alexmcgovern.com/node_modules/jest-runner/build/testWorker.js:106:12)

downshift: The ref prop &quot;ref&quot; from getDropdownProps was not applied correctly on your element.
    at console.captureMessage [as error] (/Users/alex/src/alexmcgovern.com/node_modules/jest-fail-on-console/index.js:56:25)
    at /Users/alex/src/alexmcgovern.com/node_modules/downshift/dist/downshift.cjs.js:1853:19
    at Array.forEach (&lt;anonymous&gt;)
    at /Users/alex/src/alexmcgovern.com/node_modules/downshift/dist/downshift.cjs.js:1837:49
    at commitHookEffectListMount (/Users/alex/src/alexmcgovern.com/node_modules/react-dom/cjs/react-dom.development.js:23150:26)
    at commitPassiveMountOnFiber (/Users/alex/src/alexmcgovern.com/node_modules/react-dom/cjs/react-dom.development.js:24931:11)
    at commitPassiveMountEffects_complete (/Users/alex/src/alexmcgovern.com/node_modules/react-dom/cjs/react-dom.development.js:24891:9)
    at commitPassiveMountEffects_begin (/Users/alex/src/alexmcgovern.com/node_modules/react-dom/cjs/react-dom.development.js:24878:7)
    at commitPassiveMountEffects (/Users/alex/src/alexmcgovern.com/node_modules/react-dom/cjs/react-dom.development.js:24866:3)
    at flushPassiveEffectsImpl (/Users/alex/src/alexmcgovern.com/node_modules/react-dom/cjs/react-dom.development.js:27039:3)
    at flushPassiveEffects (/Users/alex/src/alexmcgovern.com/node_modules/react-dom/cjs/react-dom.development.js:26984:14)
    at commitRootImpl (/Users/alex/src/alexmcgovern.com/node_modules/react-dom/cjs/react-dom.development.js:26935:5)
    at commitRoot (/Users/alex/src/alexmcgovern.com/node_modules/react-dom/cjs/react-dom.development.js:26682:5)
    at performSyncWorkOnRoot (/Users/alex/src/alexmcgovern.com/node_modules/react-dom/cjs/react-dom.development.js:26117:3)
    at flushSyncCallbacks (/Users/alex/src/alexmcgovern.com/node_modules/react-dom/cjs/react-dom.development.js:12042:22)
[...]
+         class=&quot;DropdownListItem_getDropdownListItemStyles__mbnr2x1 DropdownListItem__mbnr2x0 getSprinkles_paddingLeft_spacing1__1jganc990 getSprinkles_paddingRight_spacing1__1jganc99f getSprinkles_display_flex__1jganc9c getSprinkles_alignItems_center__1jganc92 getSprinkles_textDecoration_none__1jganc9a6 getSprinkles_width_100%_mobile__1jganc9e4 getSprinkles_textAlign_left__1jganc9a3 getSprinkles_color_neutral_text_highContrast__1jganc923 getSprinkles_whiteSpace_nowrap__1jganc9aa getSprinkles_margin_none__1jganc93x getSprinkles_gap_spacing0__1jganc93d focus_ring_styles_focusedStateStyle__1vv8g8r0 disabled_state_styles_disabledStateStyles__5jo1bk0 DropdownListItem_getDropdownListItemStyles_size_md__mbnr2x3 variant_interactive_element_size_variantInteractiveElementSize_md__t3r2od7 variant_interactive_element_size__t3r2od1 getSprinkles_fontSize_body_lg_mobile__1jganc9ay getSprinkles_fontSize_body_md_desktop__1jganc9b3 getSprinkles_lineHeight_body_lg_mobile__1jganc9bs getSprinkles_lineHeight_body_md_desktop__1jganc9bx getSprinkles_height_spacing5_mobile__1jganc9hm getSprinkles_height_spacing4_desktop__1jganc9hl&quot;
          id=&quot;downshift-0-item-3&quot;
          role=&quot;option&quot;
        &gt;
          alice
        &lt;/span&gt;
+     &lt;/div&gt;
    &lt;/div&gt;
  &lt;/div&gt;
    at Object.&lt;anonymous&gt; (/Users/alex/src/alexmcgovern.com/packages/boondoggle.design/src/components/Select/__tests__/DownshiftSingleSelect.test.tsx:27:43)
    at Promise.then.completed (/Users/alex/src/alexmcgovern.com/node_modules/jest-circus/build/utils.js:289:28)
    at new Promise (&lt;anonymous&gt;)
    at callAsyncCircusFn (/Users/alex/src/alexmcgovern.com/node_modules/jest-circus/build/utils.js:222:10)
    at _callCircusTest (/Users/alex/src/alexmcgovern.com/node_modules/jest-circus/build/run.js:248:40)
    at processTicksAndRejections (node:internal/process/task_queues:95:5)
    at _runTest (/Users/alex/src/alexmcgovern.com/node_modules/jest-circus/build/run.js:184:3)
    at _runTestsForDescribeBlock (/Users/alex/src/alexmcgovern.com/node_modules/jest-circus/build/run.js:86:9)
    at run (/Users/alex/src/alexmcgovern.com/node_modules/jest-circus/build/run.js:26:3)
    at runAndTransformResultsToJestFormat (/Users/alex/src/alexmcgovern.com/node_modules/jest-circus/build/legacy-code-todo-rewrite/jestAdapterInit.js:120:21)
    at jestAdapter (/Users/alex/src/alexmcgovern.com/node_modules/jest-circus/build/legacy-code-todo-rewrite/jestAdapter.js:79:19)
    at runTestInternal (/Users/alex/src/alexmcgovern.com/node_modules/jest-runner/build/runTest.js:367:16)
    at runTest (/Users/alex/src/alexmcgovern.com/node_modules/jest-runner/build/runTest.js:444:34)
    at Object.worker (/Users/alex/src/alexmcgovern.com/node_modules/jest-runner/build/testWorker.js:106:12)</failure>
    </testcase>
    <testcase classname=" When user selects an item, should call `onChange` correctly" name=" When user selects an item, should call `onChange` correctly" time="0.753">
    </testcase>
  </testsuite>
  <testsuite name="Renders Fontawesome icons" errors="0" failures="0" skipped="0" timestamp="2022-11-24T23:23:23" time="3.58" tests="2">
    <testcase classname="Renders Fontawesome icons When a leading icon is provided, should render an input with this adornment" name="Renders Fontawesome icons When a leading icon is provided, should render an input with this adornment" time="0.168">
    </testcase>
    <testcase classname="Renders Fontawesome icons When an trailing icon is provided, should render an input with this adornment" name="Renders Fontawesome icons When an trailing icon is provided, should render an input with this adornment" time="0.011">
    </testcase>
  </testsuite>
  <testsuite name="onClick events" errors="0" failures="0" skipped="0" timestamp="2022-11-24T23:23:23" time="4.399" tests="9">
    <testcase classname="onClick events Given an enabled input, when clicking, it should call onClick" name="onClick events Given an enabled input, when clicking, it should call onClick" time="0.05">
    </testcase>
    <testcase classname="onClick events Given a readonly input,  when clicking, it should call onClick" name="onClick events Given a readonly input,  when clicking, it should call onClick" time="0.013">
    </testcase>
    <testcase classname="onClick events Given a disabled input, when clicking, it should not call onClick" name="onClick events Given a disabled input, when clicking, it should not call onClick" time="0.008">
    </testcase>
    <testcase classname="mouseOver events Given an enabled input, when hovering, it should call onMouseOver" name="mouseOver events Given an enabled input, when hovering, it should call onMouseOver" time="0.007">
    </testcase>
    <testcase classname="mouseOver events Given a readonly input, when hovering, it should call onMouseOver" name="mouseOver events Given a readonly input, when hovering, it should call onMouseOver" time="0.017">
    </testcase>
    <testcase classname="mouseOver events Given a disabled input, when hovering, it should call onMouseOver" name="mouseOver events Given a disabled input, when hovering, it should call onMouseOver" time="0.007">
    </testcase>
    <testcase classname="mouseLeave events Given an enabled input, when leaving, it should call onMouseLeave" name="mouseLeave events Given an enabled input, when leaving, it should call onMouseLeave" time="0.007">
    </testcase>
    <testcase classname="mouseLeave events Given a readonly input, when leaving, it should call onMouseLeave" name="mouseLeave events Given a readonly input, when leaving, it should call onMouseLeave" time="0.012">
    </testcase>
    <testcase classname="mouseLeave events Given a disabled input, when leaving, it should call onMouseLeave" name="mouseLeave events Given a disabled input, when leaving, it should call onMouseLeave" time="0.007">
    </testcase>
  </testsuite>
  <testsuite name="onFocus events" errors="0" failures="0" skipped="2" timestamp="2022-11-24T23:23:24" time="3.623" tests="8">
    <testcase classname="onFocus events Given an enabled input, when focusing, it should call onFocus" name="onFocus events Given an enabled input, when focusing, it should call onFocus" time="0.061">
    </testcase>
    <testcase classname="onFocus events Given a readonly input, when focusing, it should call onFocus" name="onFocus events Given a readonly input, when focusing, it should call onFocus" time="0.021">
    </testcase>
    <testcase classname="onFocus events Given a disabled input, when focusing, it should not call onFocus" name="onFocus events Given a disabled input, when focusing, it should not call onFocus" time="0.009">
    </testcase>
    <testcase classname="onFocus events Given an enabled input, when focusing, it should select the current value" name="onFocus events Given an enabled input, when focusing, it should select the current value" time="0">
      <skipped/>
    </testcase>
    <testcase classname="onFocus events Given a readonly input, when focusing, it should select the current value" name="onFocus events Given a readonly input, when focusing, it should select the current value" time="0">
      <skipped/>
    </testcase>
    <testcase classname="onBlur events Given an enabled input, when blurring, it should call onBlur" name="onBlur events Given an enabled input, when blurring, it should call onBlur" time="0.009">
    </testcase>
    <testcase classname="onBlur events Given a readonly input, when blurring, it should call onBlur" name="onBlur events Given a readonly input, when blurring, it should call onBlur" time="0.008">
    </testcase>
    <testcase classname="onBlur events Given a disabled input, when blurring, it should not call onBlur" name="onBlur events Given a disabled input, when blurring, it should not call onBlur" time="0.022">
    </testcase>
  </testsuite>
  <testsuite name="Accessibility and labelling" errors="0" failures="0" skipped="1" timestamp="2022-11-24T23:23:24" time="3.87" tests="5">
    <testcase classname="Accessibility and labelling When an id is provided, should assign it to the input html element" name="Accessibility and labelling When an id is provided, should assign it to the input html element" time="0.067">
    </testcase>
    <testcase classname="Accessibility and labelling When a name is provided, should assign it to the input html element" name="Accessibility and labelling When a name is provided, should assign it to the input html element" time="0.006">
    </testcase>
    <testcase classname="Accessibility and labelling When a tabIndex is provided, should assign it to the input html element" name="Accessibility and labelling When a tabIndex is provided, should assign it to the input html element" time="0.043">
    </testcase>
    <testcase classname="Aria testing Given an input When required should assign the &quot;aria-required&quot; property" name="Aria testing Given an input When required should assign the &quot;aria-required&quot; property" time="0.028">
    </testcase>
    <testcase classname="Aria testing Given an input When describedBy is provided, should assign the &quot;aria-describedby&quot; property" name="Aria testing Given an input When describedBy is provided, should assign the &quot;aria-describedby&quot; property" time="0">
      <skipped/>
    </testcase>
  </testsuite>
  <testsuite name="Updating input value" errors="0" failures="0" skipped="0" timestamp="2022-11-24T23:23:22" time="5.531" tests="8">
    <testcase classname="Updating input value Uncontrolled version Given an input without value, when changing, it should have the new value" name="Updating input value Uncontrolled version Given an input without value, when changing, it should have the new value" time="0.686">
    </testcase>
    <testcase classname="Updating input value Uncontrolled version Given an input with a value, when changing, it should have the new value" name="Updating input value Uncontrolled version Given an input with a value, when changing, it should have the new value" time="0.241">
    </testcase>
    <testcase classname="Updating input value Uncontrolled version Given an input without value, when changing, it twice should have the right value each time" name="Updating input value Uncontrolled version Given an input without value, when changing, it twice should have the right value each time" time="0.228">
    </testcase>
    <testcase classname="Updating input value Controlled version Given an input without value, when changing, it should trigger onChange callback" name="Updating input value Controlled version Given an input without value, when changing, it should trigger onChange callback" time="0.056">
    </testcase>
    <testcase classname="Updating input value Controlled version Given an input with a value, when changing, it should trigger onChange callback" name="Updating input value Controlled version Given an input with a value, when changing, it should trigger onChange callback" time="0.072">
    </testcase>
    <testcase classname="onChange handling Given an enabled input, when changing, it should call onChange" name="onChange handling Given an enabled input, when changing, it should call onChange" time="0.324">
    </testcase>
    <testcase classname="onChange handling Given a readonly input, when changing, it should not call onChange" name="onChange handling Given a readonly input, when changing, it should not call onChange" time="0.357">
    </testcase>
    <testcase classname="onChange handling Given a disabled input, when changing, it should not call onChange" name="onChange handling Given a disabled input, when changing, it should not call onChange" time="0.049">
    </testcase>
  </testsuite>
  <testsuite name="Renders correctly" errors="0" failures="0" skipped="0" timestamp="2022-11-24T23:23:26" time="4.168" tests="2">
    <testcase classname="Renders correctly Renders without error" name="Renders correctly Renders without error" time="0.101">
    </testcase>
    <testcase classname="Renders correctly When a placeholder is provided, should render an input with this placeholder" name="Renders correctly When a placeholder is provided, should render an input with this placeholder" time="0.006">
    </testcase>
  </testsuite>
  <testsuite name="onClick events" errors="0" failures="0" skipped="0" timestamp="2022-11-24T23:23:27" time="5.306" tests="6">
    <testcase classname="onClick events Given an enabled button, when clicking, it should call onClick" name="onClick events Given an enabled button, when clicking, it should call onClick" time="0.076">
    </testcase>
    <testcase classname="onClick events Given a disabled button, when clicking, it should not call onClick" name="onClick events Given a disabled button, when clicking, it should not call onClick" time="0.008">
    </testcase>
    <testcase classname="mouseOver events Given an enabled button, when hovering, it should call onMouseOver" name="mouseOver events Given an enabled button, when hovering, it should call onMouseOver" time="0.009">
    </testcase>
    <testcase classname="mouseOver events Given a disabled button, when hovering, it should call onMouseOver" name="mouseOver events Given a disabled button, when hovering, it should call onMouseOver" time="0.013">
    </testcase>
    <testcase classname="mouseLeave events Given an enabled button, when leaving, it should call onMouseLeave" name="mouseLeave events Given an enabled button, when leaving, it should call onMouseLeave" time="0.006">
    </testcase>
    <testcase classname="mouseLeave events Given a disabled button, when leaving, it should call onMouseLeave" name="mouseLeave events Given a disabled button, when leaving, it should call onMouseLeave" time="0.02">
    </testcase>
  </testsuite>
  <testsuite name="Renders Fontawesome icons" errors="0" failures="0" skipped="0" timestamp="2022-11-24T23:23:27" time="5.34" tests="2">
    <testcase classname="Renders Fontawesome icons When a leading icon is provided, should render an button with this adornment" name="Renders Fontawesome icons When a leading icon is provided, should render an button with this adornment" time="0.098">
    </testcase>
    <testcase classname="Renders Fontawesome icons When an trailing icon is provided, should render an button with this adornment" name="Renders Fontawesome icons When an trailing icon is provided, should render an button with this adornment" time="0.009">
    </testcase>
  </testsuite>
  <testsuite name="onFocus events" errors="0" failures="0" skipped="0" timestamp="2022-11-24T23:23:27" time="5.389" tests="4">
    <testcase classname="onFocus events Given an enabled button, when focusing, it should call onFocus" name="onFocus events Given an enabled button, when focusing, it should call onFocus" time="0.029">
    </testcase>
    <testcase classname="onFocus events Given a disabled button, when focusing, it should not call onFocus" name="onFocus events Given a disabled button, when focusing, it should not call onFocus" time="0.004">
    </testcase>
    <testcase classname="onBlur events Given an enabled button, when blurring, it should call onBlur" name="onBlur events Given an enabled button, when blurring, it should call onBlur" time="0.004">
    </testcase>
    <testcase classname="onBlur events Given a disabled button, when blurring, it should not call onBlur" name="onBlur events Given a disabled button, when blurring, it should not call onBlur" time="0.004">
    </testcase>
  </testsuite>
  <testsuite name="a11y labelling" errors="0" failures="1" skipped="1" timestamp="2022-11-24T23:23:28" time="5.111" tests="5">
    <testcase classname="a11y labelling Given a button, when an id is provided, should assign it to the button html element" name="a11y labelling Given a button, when an id is provided, should assign it to the button html element" time="0.048">
    </testcase>
    <testcase classname="a11y labelling Given a button, when a name is provided, should assign it to the button html element" name="a11y labelling Given a button, when a name is provided, should assign it to the button html element" time="0.005">
    </testcase>
    <testcase classname="a11y labelling Given a button, when a tabIndex is provided, should assign it to the button html element" name="a11y labelling Given a button, when a tabIndex is provided, should assign it to the button html element" time="0.004">
    </testcase>
    <testcase classname="Aria attributes Given a button, when disabled, should assign the &quot;aria-disabled&quot; property" name="Aria attributes Given a button, when disabled, should assign the &quot;aria-disabled&quot; property" time="0.007">
      <failure>Error: expect(received).toBe(expected) // Object.is equality

Expected: &quot;true&quot;
Received: null
    at Object.&lt;anonymous&gt; (/Users/alex/src/alexmcgovern.com/packages/boondoggle.design/src/components/Button/__tests__/button_a11y_labelling.test.tsx:46:54)
    at Promise.then.completed (/Users/alex/src/alexmcgovern.com/node_modules/jest-circus/build/utils.js:289:28)
    at new Promise (&lt;anonymous&gt;)
    at callAsyncCircusFn (/Users/alex/src/alexmcgovern.com/node_modules/jest-circus/build/utils.js:222:10)
    at _callCircusTest (/Users/alex/src/alexmcgovern.com/node_modules/jest-circus/build/run.js:248:40)
    at processTicksAndRejections (node:internal/process/task_queues:95:5)
    at _runTest (/Users/alex/src/alexmcgovern.com/node_modules/jest-circus/build/run.js:184:3)
    at _runTestsForDescribeBlock (/Users/alex/src/alexmcgovern.com/node_modules/jest-circus/build/run.js:86:9)
    at _runTestsForDescribeBlock (/Users/alex/src/alexmcgovern.com/node_modules/jest-circus/build/run.js:81:9)
    at run (/Users/alex/src/alexmcgovern.com/node_modules/jest-circus/build/run.js:26:3)
    at runAndTransformResultsToJestFormat (/Users/alex/src/alexmcgovern.com/node_modules/jest-circus/build/legacy-code-todo-rewrite/jestAdapterInit.js:120:21)
    at jestAdapter (/Users/alex/src/alexmcgovern.com/node_modules/jest-circus/build/legacy-code-todo-rewrite/jestAdapter.js:79:19)
    at runTestInternal (/Users/alex/src/alexmcgovern.com/node_modules/jest-runner/build/runTest.js:367:16)
    at runTest (/Users/alex/src/alexmcgovern.com/node_modules/jest-runner/build/runTest.js:444:34)
    at Object.worker (/Users/alex/src/alexmcgovern.com/node_modules/jest-runner/build/testWorker.js:106:12)</failure>
    </testcase>
    <testcase classname="Aria attributes Given a button, when describedBy is provided, should assign the &quot;aria-describedby&quot; property" name="Aria attributes Given a button, when describedBy is provided, should assign the &quot;aria-describedby&quot; property" time="0">
      <skipped/>
    </testcase>
  </testsuite>
  <testsuite name="Renders correctly" errors="0" failures="0" skipped="0" timestamp="2022-11-24T23:23:28" time="5.173" tests="2">
    <testcase classname="Renders correctly Renders without error" name="Renders correctly Renders without error" time="0.024">
    </testcase>
    <testcase classname="Renders correctly Renders child text correctly" name="Renders correctly Renders child text correctly" time="0.007">
    </testcase>
  </testsuite>
</testsuites>